V |                      | ArgumentsFromParametersFile.OnBuildCreated (150)
V |                      | Passing value for Build.Solution (src/AngleSharp.Xml.sln)
V |                      | InjectParameterValues.OnBuildCreated (100)
V |                      | HandleShellCompletion.OnBuildCreated (75)
V |                      | GenerateBuildServerConfigurations.OnBuildCreated (50)
V |                      | InvokeBuildServerConfigurationGeneration.OnBuildCreated (45)
V |                      | UpdateNotification.OnBuildCreated (10)
V |                      | UnsetVisualStudioEnvironmentVariables.OnBuildCreated (0)
V |                      | HandleVisualStudioDebugging.OnBuildCreated (0)
V |                      | HandleSingleFileExecution.OnBuildCreated (-50)
V |                      | EventInvoker.OnBuildCreated (-3.4028235E+38)
V |                      | HandleHelpRequests.OnBuildInitialized (5)
V |                      | Telemetry.OnBuildInitialized (0)
V |                      | InjectNonParameterValues.OnBuildInitialized (-100)
V |                      | EventInvoker.OnBuildInitialized (-3.4028235E+38)
D |                      | Reading ChangeLog E:\Code\AngleSharp\AngleSharp.Xml\CHANGELOG.md...
D |                      | Using LastestVersion from ChangeLog: 1.0.0
I |                      | Building version: 1.0.0
I |                      | Target Framework(s): ["netstandard2.0", "net461", "net472"]
V | Restore              | EventInvoker.OnTargetRunning (-3.4028235E+38)
I | Restore              | > "C:\Program Files\dotnet\dotnet.exe" restore E:\Code\AngleSharp\AngleSharp.Xml\src\AngleSharp.Xml.sln
D | Restore              |   Determining projects to restore...
D | Restore              |   Restored E:\Code\AngleSharp\AngleSharp.Xml\src\AngleSharp.Xml\AngleSharp.Xml.csproj (in 220 ms).
D | Restore              |   Restored E:\Code\AngleSharp\AngleSharp.Xml\src\AngleSharp.Xml.Tests\AngleSharp.Xml.Tests.csproj (in 220 ms).
V | Restore              | Telemetry.OnTargetSucceeded (0)
V | Restore              | EventInvoker.OnTargetSucceeded (-3.4028235E+38)
V | Compile              | EventInvoker.OnTargetRunning (-3.4028235E+38)
I | Compile              | > "C:\Program Files\dotnet\dotnet.exe" build E:\Code\AngleSharp\AngleSharp.Xml\src\AngleSharp.Xml.sln --configuration Debug --no-restore
D | Compile              | MSBuild version 17.4.0+18d5aef85 for .NET
W | Compile              | C:\Program Files\dotnet\sdk\7.0.101\Microsoft.Common.CurrentVersion.targets(2352,5): warning MSB3277: Found conflicts between different versions of "System.Text.Encoding.CodePages" that could not be resolved. [E:\Code\AngleSharp\AngleSharp.Xml\src\AngleSharp.Xml\AngleSharp.Xml.csproj::TargetFramework=net472]
W | Compile              | C:\Program Files\dotnet\sdk\7.0.101\Microsoft.Common.CurrentVersion.targets(2352,5): warning MSB3277: There was a conflict between "System.Text.Encoding.CodePages, Version=5.0.0.0, Culture=neutral, PublicKeyToken=b03f5f7f11d50a3a" and "System.Text.Encoding.CodePages, Version=6.0.0.0, Culture=neutral, PublicKeyToken=b03f5f7f11d50a3a". [E:\Code\AngleSharp\AngleSharp.Xml\src\AngleSharp.Xml\AngleSharp.Xml.csproj::TargetFramework=net472]
W | Compile              | C:\Program Files\dotnet\sdk\7.0.101\Microsoft.Common.CurrentVersion.targets(2352,5): warning MSB3277:     "System.Text.Encoding.CodePages, Version=5.0.0.0, Culture=neutral, PublicKeyToken=b03f5f7f11d50a3a" was chosen because it was primary and "System.Text.Encoding.CodePages, Version=6.0.0.0, Culture=neutral, PublicKeyToken=b03f5f7f11d50a3a" was not. [E:\Code\AngleSharp\AngleSharp.Xml\src\AngleSharp.Xml\AngleSharp.Xml.csproj::TargetFramework=net472]
W | Compile              | C:\Program Files\dotnet\sdk\7.0.101\Microsoft.Common.CurrentVersion.targets(2352,5): warning MSB3277:     References which depend on "System.Text.Encoding.CodePages, Version=5.0.0.0, Culture=neutral, PublicKeyToken=b03f5f7f11d50a3a" [C:\Users\flori\.nuget\packages\system.text.encoding.codepages\5.0.0\lib\net461\System.Text.Encoding.CodePages.dll]. [E:\Code\AngleSharp\AngleSharp.Xml\src\AngleSharp.Xml\AngleSharp.Xml.csproj::TargetFramework=net472]
W | Compile              | C:\Program Files\dotnet\sdk\7.0.101\Microsoft.Common.CurrentVersion.targets(2352,5): warning MSB3277:         C:\Users\flori\.nuget\packages\system.text.encoding.codepages\5.0.0\lib\net461\System.Text.Encoding.CodePages.dll [E:\Code\AngleSharp\AngleSharp.Xml\src\AngleSharp.Xml\AngleSharp.Xml.csproj::TargetFramework=net472]
W | Compile              | C:\Program Files\dotnet\sdk\7.0.101\Microsoft.Common.CurrentVersion.targets(2352,5): warning MSB3277:           Project file item includes which caused reference "C:\Users\flori\.nuget\packages\system.text.encoding.codepages\5.0.0\lib\net461\System.Text.Encoding.CodePages.dll". [E:\Code\AngleSharp\AngleSharp.Xml\src\AngleSharp.Xml\AngleSharp.Xml.csproj::TargetFramework=net472]
W | Compile              | C:\Program Files\dotnet\sdk\7.0.101\Microsoft.Common.CurrentVersion.targets(2352,5): warning MSB3277:             C:\Users\flori\.nuget\packages\system.text.encoding.codepages\5.0.0\lib\net461\System.Text.Encoding.CodePages.dll [E:\Code\AngleSharp\AngleSharp.Xml\src\AngleSharp.Xml\AngleSharp.Xml.csproj::TargetFramework=net472]
W | Compile              | C:\Program Files\dotnet\sdk\7.0.101\Microsoft.Common.CurrentVersion.targets(2352,5): warning MSB3277:     References which depend on "System.Text.Encoding.CodePages, Version=6.0.0.0, Culture=neutral, PublicKeyToken=b03f5f7f11d50a3a" []. [E:\Code\AngleSharp\AngleSharp.Xml\src\AngleSharp.Xml\AngleSharp.Xml.csproj::TargetFramework=net472]
W | Compile              | C:\Program Files\dotnet\sdk\7.0.101\Microsoft.Common.CurrentVersion.targets(2352,5): warning MSB3277:         C:\Users\flori\.nuget\packages\anglesharp\0.17.0\lib\net472\AngleSharp.dll [E:\Code\AngleSharp\AngleSharp.Xml\src\AngleSharp.Xml\AngleSharp.Xml.csproj::TargetFramework=net472]
W | Compile              | C:\Program Files\dotnet\sdk\7.0.101\Microsoft.Common.CurrentVersion.targets(2352,5): warning MSB3277:           Project file item includes which caused reference "C:\Users\flori\.nuget\packages\anglesharp\0.17.0\lib\net472\AngleSharp.dll". [E:\Code\AngleSharp\AngleSharp.Xml\src\AngleSharp.Xml\AngleSharp.Xml.csproj::TargetFramework=net472]
W | Compile              | C:\Program Files\dotnet\sdk\7.0.101\Microsoft.Common.CurrentVersion.targets(2352,5): warning MSB3277:             C:\Users\flori\.nuget\packages\anglesharp\0.17.0\lib\net472\AngleSharp.dll [E:\Code\AngleSharp\AngleSharp.Xml\src\AngleSharp.Xml\AngleSharp.Xml.csproj::TargetFramework=net472]
D | Compile              |   AngleSharp.Xml -> E:\Code\AngleSharp\AngleSharp.Xml\src\AngleSharp.Xml\bin\Debug\netstandard2.0\AngleSharp.Xml.dll
D | Compile              |   AngleSharp.Xml -> E:\Code\AngleSharp\AngleSharp.Xml\src\AngleSharp.Xml\bin\Debug\net472\AngleSharp.Xml.dll
D | Compile              |   AngleSharp.Xml -> E:\Code\AngleSharp\AngleSharp.Xml\src\AngleSharp.Xml\bin\Debug\net461\AngleSharp.Xml.dll
E | Compile              | CSC : error CS0006: Metadata file 'E:\Code\AngleSharp\AngleSharp.Xml\src\AngleSharp.Xml\bin\Debug\netstandard2.0\AngleSharp.Xml.dll' could not be found [E:\Code\AngleSharp\AngleSharp.Xml\src\AngleSharp.Xml.Tests\AngleSharp.Xml.Tests.csproj::TargetFramework=net6.0]
D | Compile              | 
D | Compile              | Build FAILED.
D | Compile              | 
W | Compile              | C:\Program Files\dotnet\sdk\7.0.101\Microsoft.Common.CurrentVersion.targets(2352,5): warning MSB3277: Found conflicts between different versions of "System.Text.Encoding.CodePages" that could not be resolved. [E:\Code\AngleSharp\AngleSharp.Xml\src\AngleSharp.Xml\AngleSharp.Xml.csproj::TargetFramework=net472]
W | Compile              | C:\Program Files\dotnet\sdk\7.0.101\Microsoft.Common.CurrentVersion.targets(2352,5): warning MSB3277: There was a conflict between "System.Text.Encoding.CodePages, Version=5.0.0.0, Culture=neutral, PublicKeyToken=b03f5f7f11d50a3a" and "System.Text.Encoding.CodePages, Version=6.0.0.0, Culture=neutral, PublicKeyToken=b03f5f7f11d50a3a". [E:\Code\AngleSharp\AngleSharp.Xml\src\AngleSharp.Xml\AngleSharp.Xml.csproj::TargetFramework=net472]
W | Compile              | C:\Program Files\dotnet\sdk\7.0.101\Microsoft.Common.CurrentVersion.targets(2352,5): warning MSB3277:     "System.Text.Encoding.CodePages, Version=5.0.0.0, Culture=neutral, PublicKeyToken=b03f5f7f11d50a3a" was chosen because it was primary and "System.Text.Encoding.CodePages, Version=6.0.0.0, Culture=neutral, PublicKeyToken=b03f5f7f11d50a3a" was not. [E:\Code\AngleSharp\AngleSharp.Xml\src\AngleSharp.Xml\AngleSharp.Xml.csproj::TargetFramework=net472]
W | Compile              | C:\Program Files\dotnet\sdk\7.0.101\Microsoft.Common.CurrentVersion.targets(2352,5): warning MSB3277:     References which depend on "System.Text.Encoding.CodePages, Version=5.0.0.0, Culture=neutral, PublicKeyToken=b03f5f7f11d50a3a" [C:\Users\flori\.nuget\packages\system.text.encoding.codepages\5.0.0\lib\net461\System.Text.Encoding.CodePages.dll]. [E:\Code\AngleSharp\AngleSharp.Xml\src\AngleSharp.Xml\AngleSharp.Xml.csproj::TargetFramework=net472]
W | Compile              | C:\Program Files\dotnet\sdk\7.0.101\Microsoft.Common.CurrentVersion.targets(2352,5): warning MSB3277:         C:\Users\flori\.nuget\packages\system.text.encoding.codepages\5.0.0\lib\net461\System.Text.Encoding.CodePages.dll [E:\Code\AngleSharp\AngleSharp.Xml\src\AngleSharp.Xml\AngleSharp.Xml.csproj::TargetFramework=net472]
W | Compile              | C:\Program Files\dotnet\sdk\7.0.101\Microsoft.Common.CurrentVersion.targets(2352,5): warning MSB3277:           Project file item includes which caused reference "C:\Users\flori\.nuget\packages\system.text.encoding.codepages\5.0.0\lib\net461\System.Text.Encoding.CodePages.dll". [E:\Code\AngleSharp\AngleSharp.Xml\src\AngleSharp.Xml\AngleSharp.Xml.csproj::TargetFramework=net472]
W | Compile              | C:\Program Files\dotnet\sdk\7.0.101\Microsoft.Common.CurrentVersion.targets(2352,5): warning MSB3277:             C:\Users\flori\.nuget\packages\system.text.encoding.codepages\5.0.0\lib\net461\System.Text.Encoding.CodePages.dll [E:\Code\AngleSharp\AngleSharp.Xml\src\AngleSharp.Xml\AngleSharp.Xml.csproj::TargetFramework=net472]
W | Compile              | C:\Program Files\dotnet\sdk\7.0.101\Microsoft.Common.CurrentVersion.targets(2352,5): warning MSB3277:     References which depend on "System.Text.Encoding.CodePages, Version=6.0.0.0, Culture=neutral, PublicKeyToken=b03f5f7f11d50a3a" []. [E:\Code\AngleSharp\AngleSharp.Xml\src\AngleSharp.Xml\AngleSharp.Xml.csproj::TargetFramework=net472]
W | Compile              | C:\Program Files\dotnet\sdk\7.0.101\Microsoft.Common.CurrentVersion.targets(2352,5): warning MSB3277:         C:\Users\flori\.nuget\packages\anglesharp\0.17.0\lib\net472\AngleSharp.dll [E:\Code\AngleSharp\AngleSharp.Xml\src\AngleSharp.Xml\AngleSharp.Xml.csproj::TargetFramework=net472]
W | Compile              | C:\Program Files\dotnet\sdk\7.0.101\Microsoft.Common.CurrentVersion.targets(2352,5): warning MSB3277:           Project file item includes which caused reference "C:\Users\flori\.nuget\packages\anglesharp\0.17.0\lib\net472\AngleSharp.dll". [E:\Code\AngleSharp\AngleSharp.Xml\src\AngleSharp.Xml\AngleSharp.Xml.csproj::TargetFramework=net472]
W | Compile              | C:\Program Files\dotnet\sdk\7.0.101\Microsoft.Common.CurrentVersion.targets(2352,5): warning MSB3277:             C:\Users\flori\.nuget\packages\anglesharp\0.17.0\lib\net472\AngleSharp.dll [E:\Code\AngleSharp\AngleSharp.Xml\src\AngleSharp.Xml\AngleSharp.Xml.csproj::TargetFramework=net472]
E | Compile              | CSC : error CS0006: Metadata file 'E:\Code\AngleSharp\AngleSharp.Xml\src\AngleSharp.Xml\bin\Debug\netstandard2.0\AngleSharp.Xml.dll' could not be found [E:\Code\AngleSharp\AngleSharp.Xml\src\AngleSharp.Xml.Tests\AngleSharp.Xml.Tests.csproj::TargetFramework=net6.0]
D | Compile              |     1 Warning(s)
D | Compile              |     1 Error(s)
D | Compile              | 
D | Compile              | Time Elapsed 00:00:02.94
E | Compile              | Target Compile has thrown an exception
Nuke.Common.Tooling.ProcessException: Process 'dotnet.exe' exited with code 1.
   > "C:\Program Files\dotnet\dotnet.exe" build E:\Code\AngleSharp\AngleSharp.Xml\src\AngleSharp.Xml.sln --configuration Debug --no-restore
   @ E:\Code\AngleSharp\AngleSharp.Xml

   at Nuke.Common.Tooling.ProcessExtensions.AssertZeroExitCode(IProcess process) in /_/source/Nuke.Common/Tooling/ProcessExtensions.cs:line 39
   at Nuke.Common.Tools.DotNet.DotNetTasks.DotNetBuild(DotNetBuildSettings toolSettings) in /_/source/Nuke.Common/Tools/DotNet/DotNet.Generated.cs:line 544
   at Nuke.Common.Tools.DotNet.DotNetTasks.DotNetBuild(Configure`1 configurator) in /_/source/Nuke.Common/Tools/DotNet/DotNet.Generated.cs:line 583
   at Build.<get_Compile>b__48_1() in E:\Code\AngleSharp\AngleSharp.Xml\nuke\Build.cs:line 129
   at Nuke.Common.Execution.BuildExecutor.<>c.<Execute>b__4_2(Action x) in /_/source/Nuke.Common/Execution/BuildExecutor.cs:line 112
   at Nuke.Common.Utilities.Collections.EnumerableExtensions.ForEach[T](IEnumerable`1 enumerable, Action`1 action) in /_/source/Nuke.Common/Utilities/Collections/Enumerable.ForEach.cs:line 17
   at Nuke.Common.Execution.BuildExecutor.Execute(NukeBuild build, ExecutableTarget target, IReadOnlyCollection`1 previouslyExecutedTargets, Boolean failureMode) in /_/source/Nuke.Common/Execution/BuildExecutor.cs:line 112
V | Compile              | EventInvoker.OnTargetFailed (-3.4028235E+38)
