V |                      | ArgumentsFromParametersFile.OnBuildCreated (150)
V |                      | Passing value for Build.Solution (src/AngleSharp.Xml.sln)
V |                      | InjectParameterValues.OnBuildCreated (100)
V |                      | HandleShellCompletion.OnBuildCreated (75)
V |                      | GenerateBuildServerConfigurations.OnBuildCreated (50)
V |                      | InvokeBuildServerConfigurationGeneration.OnBuildCreated (45)
V |                      | UpdateNotification.OnBuildCreated (10)
V |                      | UnsetVisualStudioEnvironmentVariables.OnBuildCreated (0)
V |                      | HandleVisualStudioDebugging.OnBuildCreated (0)
V |                      | HandleSingleFileExecution.OnBuildCreated (-50)
V |                      | EventInvoker.OnBuildCreated (-3.4028235E+38)
V |                      | HandleHelpRequests.OnBuildInitialized (5)
V |                      | Telemetry.OnBuildInitialized (0)
V |                      | InjectNonParameterValues.OnBuildInitialized (-100)
V |                      | EventInvoker.OnBuildInitialized (-3.4028235E+38)
D |                      | Reading ChangeLog E:\Code\AngleSharp\AngleSharp.Xml\CHANGELOG.md...
D |                      | Using LastestVersion from ChangeLog: 1.0.0
I |                      | Building version: 1.0.0
I |                      | Target Framework(s): ["netstandard2.0", "net461", "net472", "net6.0", "net7.0"]
V | Restore              | EventInvoker.OnTargetRunning (-3.4028235E+38)
I | Restore              | > "C:\Program Files\dotnet\dotnet.exe" restore E:\Code\AngleSharp\AngleSharp.Xml\src\AngleSharp.Xml.sln
D | Restore              |   Determining projects to restore...
E | Restore              | E:\Code\AngleSharp\AngleSharp.Xml\src\AngleSharp.Xml.Tests\AngleSharp.Xml.Tests.csproj : error NU1605: Detected package downgrade: AngleSharp from 1.0 to 0.17.0. Reference the package directly from the project to select a different version.  [E:\Code\AngleSharp\AngleSharp.Xml\src\AngleSharp.Xml.sln]
E | Restore              | E:\Code\AngleSharp\AngleSharp.Xml\src\AngleSharp.Xml.Tests\AngleSharp.Xml.Tests.csproj : error NU1605:  AngleSharp.Xml.Tests -> AngleSharp.Xml -> AngleSharp (>= 1.0.0 && < 2.0.0)  [E:\Code\AngleSharp\AngleSharp.Xml\src\AngleSharp.Xml.sln]
E | Restore              | E:\Code\AngleSharp\AngleSharp.Xml\src\AngleSharp.Xml.Tests\AngleSharp.Xml.Tests.csproj : error NU1605:  AngleSharp.Xml.Tests -> AngleSharp (>= 0.17.0) [E:\Code\AngleSharp\AngleSharp.Xml\src\AngleSharp.Xml.sln]
D | Restore              |   Failed to restore E:\Code\AngleSharp\AngleSharp.Xml\src\AngleSharp.Xml.Tests\AngleSharp.Xml.Tests.csproj (in 155 ms).
D | Restore              |   Restored E:\Code\AngleSharp\AngleSharp.Xml\src\AngleSharp.Xml\AngleSharp.Xml.csproj (in 1,19 sec).
E | Restore              | Target Restore has thrown an exception
Nuke.Common.Tooling.ProcessException: Process 'dotnet.exe' exited with code 1.
   > "C:\Program Files\dotnet\dotnet.exe" restore E:\Code\AngleSharp\AngleSharp.Xml\src\AngleSharp.Xml.sln
   @ E:\Code\AngleSharp\AngleSharp.Xml

   at Nuke.Common.Tooling.ProcessExtensions.AssertZeroExitCode(IProcess process) in /_/source/Nuke.Common/Tooling/ProcessExtensions.cs:line 39
   at Nuke.Common.Tools.DotNet.DotNetTasks.DotNetRestore(DotNetRestoreSettings toolSettings) in /_/source/Nuke.Common/Tools/DotNet/DotNet.Generated.cs:line 331
   at Nuke.Common.Tools.DotNet.DotNetTasks.DotNetRestore(Configure`1 configurator) in /_/source/Nuke.Common/Tools/DotNet/DotNet.Generated.cs:line 361
   at Build.<get_Restore>b__46_1() in E:\Code\AngleSharp\AngleSharp.Xml\nuke\Build.cs:line 121
   at Nuke.Common.Execution.BuildExecutor.<>c.<Execute>b__4_2(Action x) in /_/source/Nuke.Common/Execution/BuildExecutor.cs:line 112
   at Nuke.Common.Utilities.Collections.EnumerableExtensions.ForEach[T](IEnumerable`1 enumerable, Action`1 action) in /_/source/Nuke.Common/Utilities/Collections/Enumerable.ForEach.cs:line 17
   at Nuke.Common.Execution.BuildExecutor.Execute(NukeBuild build, ExecutableTarget target, IReadOnlyCollection`1 previouslyExecutedTargets, Boolean failureMode) in /_/source/Nuke.Common/Execution/BuildExecutor.cs:line 112
V | Restore              | EventInvoker.OnTargetFailed (-3.4028235E+38)
