01:25:17.219 | V |                      | ArgumentsFromParametersFile.OnBuildCreated (150)
01:25:17.259 | V |                      | Passing value for Build.Solution (src/AngleSharp.Xml.sln)
01:25:17.268 | V |                      | InjectParameterValues.OnBuildCreated (100)
01:25:17.303 | V |                      | HandleShellCompletion.OnBuildCreated (75)
01:25:17.404 | V |                      | GenerateBuildServerConfigurations.OnBuildCreated (50)
01:25:17.404 | V |                      | InvokeBuildServerConfigurationGeneration.OnBuildCreated (45)
01:25:17.415 | V |                      | UpdateNotification.OnBuildCreated (10)
01:25:17.416 | V |                      | UnsetVisualStudioEnvironmentVariables.OnBuildCreated (0)
01:25:17.416 | V |                      | HandleVisualStudioDebugging.OnBuildCreated (0)
01:25:17.417 | V |                      | HandleSingleFileExecution.OnBuildCreated (-50)
01:25:17.417 | V |                      | EventInvoker.OnBuildCreated (-3.4028235E+38)
01:25:17.437 | V |                      | HandleHelpRequests.OnBuildInitialized (5)
01:25:17.437 | V |                      | Telemetry.OnBuildInitialized (0)
01:25:17.820 | V |                      | InjectNonParameterValues.OnBuildInitialized (-100)
01:25:17.821 | V |                      | EventInvoker.OnBuildInitialized (-3.4028235E+38)
01:25:17.824 | D |                      | Reading ChangeLog E:\Code\AngleSharp\AngleSharp.Xml\CHANGELOG.md...
01:25:17.833 | D |                      | Using LastestVersion from ChangeLog: 1.0.0
01:25:17.834 | I |                      | Building version: 1.0.0
01:25:17.880 | I |                      | Target Framework(s): ["netstandard2.0", "net461", "net472", "net6.0", "net7.0"]
01:25:17.898 | V | Restore              | EventInvoker.OnTargetRunning (-3.4028235E+38)
01:25:17.913 | I | Restore              | > "C:\Program Files\dotnet\dotnet.exe" restore E:\Code\AngleSharp\AngleSharp.Xml\src\AngleSharp.Xml.sln
01:25:18.340 | D | Restore              |   Determining projects to restore...
01:25:18.937 | D | Restore              |   Restored E:\Code\AngleSharp\AngleSharp.Xml\src\AngleSharp.Xml.Tests\AngleSharp.Xml.Tests.csproj (in 146 ms).
01:25:18.939 | D | Restore              |   Restored E:\Code\AngleSharp\AngleSharp.Xml\src\AngleSharp.Xml\AngleSharp.Xml.csproj (in 146 ms).
01:25:18.961 | V | Restore              | Telemetry.OnTargetSucceeded (0)
01:25:18.961 | V | Restore              | EventInvoker.OnTargetSucceeded (-3.4028235E+38)
01:25:18.968 | V | Compile              | EventInvoker.OnTargetRunning (-3.4028235E+38)
01:25:18.971 | I | Compile              | > "C:\Program Files\dotnet\dotnet.exe" build E:\Code\AngleSharp\AngleSharp.Xml\src\AngleSharp.Xml.sln --configuration Debug --no-restore
01:25:19.095 | D | Compile              | MSBuild version 17.4.0+18d5aef85 for .NET
01:25:19.850 | D | Compile              |   AngleSharp.Xml -> E:\Code\AngleSharp\AngleSharp.Xml\src\AngleSharp.Xml\bin\Debug\net461\AngleSharp.Xml.dll
01:25:20.241 | D | Compile              |   AngleSharp.Xml -> E:\Code\AngleSharp\AngleSharp.Xml\src\AngleSharp.Xml\bin\Debug\net472\AngleSharp.Xml.dll
01:25:20.403 | D | Compile              |   AngleSharp.Xml -> E:\Code\AngleSharp\AngleSharp.Xml\src\AngleSharp.Xml\bin\Debug\netstandard2.0\AngleSharp.Xml.dll
01:25:20.661 | D | Compile              |   AngleSharp.Xml -> E:\Code\AngleSharp\AngleSharp.Xml\src\AngleSharp.Xml\bin\Debug\net6.0\AngleSharp.Xml.dll
01:25:21.349 | D | Compile              |   AngleSharp.Xml -> E:\Code\AngleSharp\AngleSharp.Xml\src\AngleSharp.Xml\bin\Debug\net7.0\AngleSharp.Xml.dll
01:25:22.088 | W | Compile              | E:\Code\AngleSharp\AngleSharp.Xml\src\AngleSharp.Xml.Tests\DTDTree.cs(15,17): warning CS0219: The variable 'dtd' is assigned but its value is never used [E:\Code\AngleSharp\AngleSharp.Xml\src\AngleSharp.Xml.Tests\AngleSharp.Xml.Tests.csproj::TargetFramework=net6.0]
01:25:22.090 | W | Compile              | E:\Code\AngleSharp\AngleSharp.Xml\src\AngleSharp.Xml.Tests\Tokenizer\XmlDTD.cs(49,17): warning CS0219: The variable 'dtd' is assigned but its value is never used [E:\Code\AngleSharp\AngleSharp.Xml\src\AngleSharp.Xml.Tests\AngleSharp.Xml.Tests.csproj::TargetFramework=net6.0]
01:25:22.092 | W | Compile              | E:\Code\AngleSharp\AngleSharp.Xml\src\AngleSharp.Xml.Tests\Tokenizer\XmlDTD.cs(130,17): warning CS0219: The variable 'src' is assigned but its value is never used [E:\Code\AngleSharp\AngleSharp.Xml\src\AngleSharp.Xml.Tests\AngleSharp.Xml.Tests.csproj::TargetFramework=net6.0]
01:25:22.093 | W | Compile              | E:\Code\AngleSharp\AngleSharp.Xml\src\AngleSharp.Xml.Tests\Tokenizer\XmlDTD.cs(165,17): warning CS0219: The variable 'src' is assigned but its value is never used [E:\Code\AngleSharp\AngleSharp.Xml\src\AngleSharp.Xml.Tests\AngleSharp.Xml.Tests.csproj::TargetFramework=net6.0]
01:25:22.243 | D | Compile              |   AngleSharp.Xml.Tests -> E:\Code\AngleSharp\AngleSharp.Xml\src\AngleSharp.Xml.Tests\bin\Debug\net6.0\AngleSharp.Xml.Tests.dll
01:25:22.255 | D | Compile              | 
01:25:22.255 | D | Compile              | Build succeeded.
01:25:22.257 | D | Compile              | 
01:25:22.258 | W | Compile              | E:\Code\AngleSharp\AngleSharp.Xml\src\AngleSharp.Xml.Tests\DTDTree.cs(15,17): warning CS0219: The variable 'dtd' is assigned but its value is never used [E:\Code\AngleSharp\AngleSharp.Xml\src\AngleSharp.Xml.Tests\AngleSharp.Xml.Tests.csproj::TargetFramework=net6.0]
01:25:22.262 | W | Compile              | E:\Code\AngleSharp\AngleSharp.Xml\src\AngleSharp.Xml.Tests\Tokenizer\XmlDTD.cs(49,17): warning CS0219: The variable 'dtd' is assigned but its value is never used [E:\Code\AngleSharp\AngleSharp.Xml\src\AngleSharp.Xml.Tests\AngleSharp.Xml.Tests.csproj::TargetFramework=net6.0]
01:25:22.264 | W | Compile              | E:\Code\AngleSharp\AngleSharp.Xml\src\AngleSharp.Xml.Tests\Tokenizer\XmlDTD.cs(130,17): warning CS0219: The variable 'src' is assigned but its value is never used [E:\Code\AngleSharp\AngleSharp.Xml\src\AngleSharp.Xml.Tests\AngleSharp.Xml.Tests.csproj::TargetFramework=net6.0]
01:25:22.266 | W | Compile              | E:\Code\AngleSharp\AngleSharp.Xml\src\AngleSharp.Xml.Tests\Tokenizer\XmlDTD.cs(165,17): warning CS0219: The variable 'src' is assigned but its value is never used [E:\Code\AngleSharp\AngleSharp.Xml\src\AngleSharp.Xml.Tests\AngleSharp.Xml.Tests.csproj::TargetFramework=net6.0]
01:25:22.268 | D | Compile              |     4 Warning(s)
01:25:22.269 | D | Compile              |     0 Error(s)
01:25:22.270 | D | Compile              | 
01:25:22.274 | D | Compile              | Time Elapsed 00:00:03.12
01:25:22.290 | V | Compile              | Telemetry.OnTargetSucceeded (0)
01:25:22.290 | V | Compile              | EventInvoker.OnTargetSucceeded (-3.4028235E+38)
01:25:22.296 | V | RunUnitTests         | EventInvoker.OnTargetRunning (-3.4028235E+38)
01:25:22.324 | I | RunUnitTests         | > "C:\Program Files\dotnet\dotnet.exe" test E:\Code\AngleSharp\AngleSharp.Xml\src\AngleSharp.Xml.sln --configuration Debug --no-build --no-restore
01:25:23.131 | D | RunUnitTests         | Test run for E:\Code\AngleSharp\AngleSharp.Xml\src\AngleSharp.Xml.Tests\bin\Debug\net6.0\AngleSharp.Xml.Tests.dll (.NETCoreApp,Version=v6.0)
01:25:23.222 | D | RunUnitTests         | Microsoft (R) Test Execution Command Line Tool Version 17.4.0 (x64)
01:25:23.223 | D | RunUnitTests         | Copyright (c) Microsoft Corporation.  All rights reserved.
01:25:23.225 | D | RunUnitTests         | 
01:25:23.339 | D | RunUnitTests         | Starting test execution, please wait...
01:25:23.414 | D | RunUnitTests         | A total of 1 test files matched the specified pattern.
01:25:25.610 | D | RunUnitTests         |   Skipped XmIbmInvalidP41Ibm41i01 [5 ms]
01:25:25.611 | D | RunUnitTests         |   Skipped XmlIbmInvalidP39Ibm39i01 [5 ms]
01:25:25.611 | D | RunUnitTests         |   Skipped XmlIbmInvalidP39Ibm39i02 [5 ms]
01:25:25.612 | D | RunUnitTests         |   Skipped XmlIbmInvalidP39Ibm39i03 [5 ms]
01:25:25.613 | D | RunUnitTests         |   Skipped XmlIbmInvalidP39Ibm39i04 [5 ms]
01:25:25.614 | D | RunUnitTests         |   Skipped XmlIbmInvalidP41Ibm41i02 [5 ms]
01:25:25.615 | D | RunUnitTests         |   Skipped XmlIbmInvalidP45Ibm45i01 [5 ms]
01:25:25.616 | D | RunUnitTests         |   Skipped XmlInvalidDtd03 [5 ms]
01:25:25.617 | D | RunUnitTests         |   Skipped XmlInvalidEl01 [5 ms]
01:25:25.618 | D | RunUnitTests         |   Skipped XmlInvalidEl02 [5 ms]
01:25:25.619 | D | RunUnitTests         |   Skipped XmlInvalidEl03 [5 ms]
01:25:25.620 | D | RunUnitTests         |   Skipped XmlInvalidEl04 [5 ms]
01:25:25.621 | D | RunUnitTests         |   Skipped XmlInvalidEl06 [5 ms]
01:25:25.622 | D | RunUnitTests         |   Skipped XmlInvalidInvRequired01 [5 ms]
01:25:25.622 | D | RunUnitTests         |   Skipped XmlInvalidInvRequired02 [5 ms]
01:25:25.624 | D | RunUnitTests         |   Skipped XmlInvalidOP40pass1 [5 ms]
01:25:25.624 | D | RunUnitTests         |   Skipped XmlInvalidOP40pass2 [5 ms]
01:25:25.626 | D | RunUnitTests         |   Skipped XmlInvalidOP40pass3 [5 ms]
01:25:25.626 | D | RunUnitTests         |   Skipped XmlInvalidOP40pass4 [5 ms]
01:25:25.628 | D | RunUnitTests         |   Skipped XmlInvalidOP41pass1 [5 ms]
01:25:25.628 | D | RunUnitTests         |   Skipped XmlInvalidOP41pass2 [5 ms]
01:25:25.630 | D | RunUnitTests         |   Skipped XmlInvalidOP42pass1 [5 ms]
01:25:25.630 | D | RunUnitTests         |   Skipped XmlInvalidOP42pass2 [5 ms]
01:25:25.633 | D | RunUnitTests         |   Skipped XmlInvalidOP44pass1 [5 ms]
01:25:25.634 | D | RunUnitTests         |   Skipped XmlInvalidOP44pass2 [5 ms]
01:25:25.642 | D | RunUnitTests         |   Skipped XmlInvalidOP44pass3 [5 ms]
01:25:25.643 | D | RunUnitTests         |   Skipped XmlInvalidOP44pass4 [5 ms]
01:25:25.644 | D | RunUnitTests         |   Skipped XmlInvalidOP44pass5 [5 ms]
01:25:25.644 | D | RunUnitTests         |   Skipped XmlPrefixRefersToDefinedNamespace [< 1 ms]
01:25:25.646 | D | RunUnitTests         |   Skipped XmlRedefinitionOfPrefixedNamespace [< 1 ms]
01:25:25.646 | D | RunUnitTests         |   Skipped XmlSubElementsGetTheRightDefaultNamespace [< 1 ms]
01:25:25.648 | D | RunUnitTests         |   Skipped XmlWithCustomNamespaceShouldExposeThatNamespaceUri [< 1 ms]
01:25:25.649 | D | RunUnitTests         |   Skipped XmlWithNewNamespaceShouldContainRightNamespaceUri [< 1 ms]
01:25:25.653 | D | RunUnitTests         |   Skipped XmlWithoutNamespaceUriShouldBeStandardNamespaceUri [< 1 ms]
01:25:25.654 | D | RunUnitTests         |   Skipped XmlNotWfAttlist01 [< 1 ms]
01:25:25.656 | D | RunUnitTests         |   Skipped XmlNotWfAttlist02 [< 1 ms]
01:25:25.657 | D | RunUnitTests         |   Skipped XmlNotWfAttlist03 [< 1 ms]
01:25:25.658 | D | RunUnitTests         |   Skipped XmlNotWfAttlist04 [< 1 ms]
01:25:25.659 | D | RunUnitTests         |   Skipped XmlNotWfAttlist05 [< 1 ms]
01:25:25.660 | D | RunUnitTests         |   Skipped XmlNotWfAttlist06 [< 1 ms]
01:25:25.661 | D | RunUnitTests         |   Skipped XmlNotWfAttlist07 [< 1 ms]
01:25:25.662 | D | RunUnitTests         |   Skipped XmlNotWfAttlist08 [< 1 ms]
01:25:25.663 | D | RunUnitTests         |   Skipped XmlNotWfAttlist09 [< 1 ms]
01:25:25.665 | D | RunUnitTests         |   Skipped XmlNotWfAttlist10 [< 1 ms]
01:25:25.666 | D | RunUnitTests         |   Skipped XmlNotWfAttlist11 [< 1 ms]
01:25:25.673 | D | RunUnitTests         |   Skipped XmlNotWfCond02 [< 1 ms]
01:25:25.674 | D | RunUnitTests         |   Skipped XmlNotWfContent01 [< 1 ms]
01:25:25.675 | D | RunUnitTests         |   Skipped XmlNotWfContent02 [< 1 ms]
01:25:25.676 | D | RunUnitTests         |   Skipped XmlNotWfContent03 [< 1 ms]
01:25:25.677 | D | RunUnitTests         |   Skipped XmlNotWfDtd02 [< 1 ms]
01:25:25.678 | D | RunUnitTests         |   Skipped XmlNotWfDtd03 [< 1 ms]
01:25:25.680 | D | RunUnitTests         |   Skipped XmlNotWfDtd04 [< 1 ms]
01:25:25.681 | D | RunUnitTests         |   Skipped XmlNotWfDtd05 [< 1 ms]
01:25:25.685 | D | RunUnitTests         |   Skipped XmlNotWfElement00 [< 1 ms]
01:25:25.687 | D | RunUnitTests         |   Skipped XmlNotWfElement01 [< 1 ms]
01:25:25.687 | D | RunUnitTests         |   Skipped XmlNotWfElement02 [< 1 ms]
01:25:25.690 | D | RunUnitTests         |   Skipped XmlNotWfElement03 [< 1 ms]
01:25:25.690 | D | RunUnitTests         |   Skipped XmlNotWfElement04 [< 1 ms]
01:25:25.691 | D | RunUnitTests         |   Skipped XmlNotWfEncoding01 [< 1 ms]
01:25:25.692 | D | RunUnitTests         |   Skipped XmlNotWfEncoding02 [< 1 ms]
01:25:25.693 | D | RunUnitTests         |   Skipped XmlNotWfEncoding03 [< 1 ms]
01:25:25.694 | D | RunUnitTests         |   Skipped XmlNotWfEncoding04 [< 1 ms]
01:25:25.696 | D | RunUnitTests         |   Skipped XmlNotWfEncoding05 [< 1 ms]
01:25:25.697 | D | RunUnitTests         |   Skipped XmlNotWfEncoding06 [< 1 ms]
01:25:25.702 | D | RunUnitTests         |   Skipped XmlNotWfOP09fail3 [< 1 ms]
01:25:25.703 | D | RunUnitTests         |   Skipped XmlNotWfOP09fail4 [< 1 ms]
01:25:25.704 | D | RunUnitTests         |   Skipped XmlNotWfOP09fail5 [< 1 ms]
01:25:25.706 | D | RunUnitTests         |   Skipped XmlNotWfOP14fail1 [< 1 ms]
01:25:25.707 | D | RunUnitTests         |   Skipped XmlNotWfOP14fail2 [< 1 ms]
01:25:25.708 | D | RunUnitTests         |   Skipped XmlNotWfOP14fail3 [< 1 ms]
01:25:25.709 | D | RunUnitTests         |   Skipped XmlNotWfOP15fail1 [< 1 ms]
01:25:25.711 | D | RunUnitTests         |   Skipped XmlNotWfOP15fail2 [< 1 ms]
01:25:25.712 | D | RunUnitTests         |   Skipped XmlNotWfOP15fail3 [< 1 ms]
01:25:25.716 | D | RunUnitTests         |   Skipped XmlNotWfOP16fail1 [< 1 ms]
01:25:25.717 | D | RunUnitTests         |   Skipped XmlNotWfOP16fail2 [< 1 ms]
01:25:25.718 | D | RunUnitTests         |   Skipped XmlNotWfOP18fail1 [< 1 ms]
01:25:25.719 | D | RunUnitTests         |   Skipped XmlNotWfOP18fail2 [< 1 ms]
01:25:25.722 | D | RunUnitTests         |   Skipped XmlNotWfOP18fail3 [< 1 ms]
01:25:25.797 | D | RunUnitTests         |   Skipped XmlNotWfOP22fail1 [< 1 ms]
01:25:25.797 | D | RunUnitTests         |   Skipped XmlNotWfOP22fail2 [< 1 ms]
01:25:25.798 | D | RunUnitTests         |   Skipped XmlNotWfOP23fail1 [< 1 ms]
01:25:25.799 | D | RunUnitTests         |   Skipped XmlNotWfOP23fail2 [< 1 ms]
01:25:25.799 | D | RunUnitTests         |   Skipped XmlNotWfOP23fail3 [< 1 ms]
01:25:25.800 | D | RunUnitTests         |   Skipped XmlNotWfOP23fail4 [< 1 ms]
01:25:25.801 | D | RunUnitTests         |   Skipped XmlNotWfOP23fail5 [< 1 ms]
01:25:25.802 | D | RunUnitTests         |   Skipped XmlNotWfOP24fail1 [< 1 ms]
01:25:25.803 | D | RunUnitTests         |   Skipped XmlNotWfOP24fail2 [< 1 ms]
01:25:25.804 | D | RunUnitTests         |   Skipped XmlNotWfOP25fail1 [< 1 ms]
01:25:25.806 | D | RunUnitTests         |   Skipped XmlNotWfOP26fail1 [< 1 ms]
01:25:25.807 | D | RunUnitTests         |   Skipped XmlNotWfOP26fail2 [< 1 ms]
01:25:25.808 | D | RunUnitTests         |   Skipped XmlNotWfOP27fail1 [< 1 ms]
01:25:25.808 | D | RunUnitTests         |   Skipped XmlNotWfOP28fail1 [< 1 ms]
01:25:25.809 | D | RunUnitTests         |   Skipped XmlNotWfOP29fail1 [< 1 ms]
01:25:25.810 | D | RunUnitTests         |   Skipped XmlNotWfOP32fail1 [< 1 ms]
01:25:25.811 | D | RunUnitTests         |   Skipped XmlNotWfOP32fail2 [< 1 ms]
01:25:25.811 | D | RunUnitTests         |   Skipped XmlNotWfOP32fail3 [< 1 ms]
01:25:25.812 | D | RunUnitTests         |   Skipped XmlNotWfOP32fail4 [< 1 ms]
01:25:25.813 | D | RunUnitTests         |   Skipped XmlNotWfOP32fail5 [< 1 ms]
01:25:25.814 | D | RunUnitTests         |   Skipped XmlNotWfOP39fail1 [< 1 ms]
01:25:25.814 | D | RunUnitTests         |   Skipped XmlNotWfOP39fail2 [< 1 ms]
01:25:25.815 | D | RunUnitTests         |   Skipped XmlNotWfOP39fail3 [< 1 ms]
01:25:25.816 | D | RunUnitTests         |   Skipped XmlNotWfOP39fail4 [< 1 ms]
01:25:25.817 | D | RunUnitTests         |   Skipped XmlNotWfOP39fail5 [< 1 ms]
01:25:25.817 | D | RunUnitTests         |   Skipped XmlNotWfOP40fail1 [< 1 ms]
01:25:25.820 | D | RunUnitTests         |   Skipped XmlNotWfOP40fail2 [< 1 ms]
01:25:25.821 | D | RunUnitTests         |   Skipped XmlNotWfOP40fail3 [< 1 ms]
01:25:25.828 | D | RunUnitTests         |   Skipped XmlNotWfOP40fail4 [< 1 ms]
01:25:25.829 | D | RunUnitTests         |   Skipped XmlNotWfOP41fail1 [< 1 ms]
01:25:25.830 | D | RunUnitTests         |   Skipped XmlNotWfOP41fail2 [< 1 ms]
01:25:25.831 | D | RunUnitTests         |   Skipped XmlNotWfOP41fail3 [< 1 ms]
01:25:25.831 | D | RunUnitTests         |   Skipped XmlNotWfOP42fail1 [< 1 ms]
01:25:25.832 | D | RunUnitTests         |   Skipped XmlNotWfOP42fail2 [< 1 ms]
01:25:25.834 | D | RunUnitTests         |   Skipped XmlNotWfOP42fail3 [< 1 ms]
01:25:25.835 | D | RunUnitTests         |   Skipped XmlNotWfOP43fail1 [< 1 ms]
01:25:25.841 | D | RunUnitTests         |   Skipped XmlNotWfOP43fail2 [< 1 ms]
01:25:25.842 | D | RunUnitTests         |   Skipped XmlNotWfOP43fail3 [< 1 ms]
01:25:25.842 | D | RunUnitTests         |   Skipped XmlNotWfOP44fail1 [< 1 ms]
01:25:25.843 | D | RunUnitTests         |   Skipped XmlNotWfOP44fail2 [< 1 ms]
01:25:25.844 | D | RunUnitTests         |   Skipped XmlNotWfOP44fail3 [< 1 ms]
01:25:25.845 | D | RunUnitTests         |   Skipped XmlNotWfOP44fail4 [< 1 ms]
01:25:25.846 | D | RunUnitTests         |   Skipped XmlNotWfOP44fail5 [< 1 ms]
01:25:25.846 | D | RunUnitTests         |   Skipped XmlNotWfOP45fail1 [< 1 ms]
01:25:25.847 | D | RunUnitTests         |   Skipped XmlNotWfOP45fail2 [< 1 ms]
01:25:25.848 | D | RunUnitTests         |   Skipped XmlNotWfOP45fail3 [< 1 ms]
01:25:25.849 | D | RunUnitTests         |   Skipped XmlNotWfOP45fail4 [< 1 ms]
01:25:25.850 | D | RunUnitTests         |   Skipped XmlNotWfOP46fail1 [< 1 ms]
01:25:25.851 | D | RunUnitTests         |   Skipped XmlNotWfOP46fail2 [< 1 ms]
01:25:25.858 | D | RunUnitTests         |   Skipped XmlNotWfOP46fail3 [< 1 ms]
01:25:25.859 | D | RunUnitTests         |   Skipped XmlNotWfOP46fail4 [< 1 ms]
01:25:25.860 | D | RunUnitTests         |   Skipped XmlNotWfOP46fail5 [< 1 ms]
01:25:25.861 | D | RunUnitTests         |   Skipped XmlNotWfOP46fail6 [< 1 ms]
01:25:25.861 | D | RunUnitTests         |   Skipped XmlNotWfOP47fail1 [< 1 ms]
01:25:25.862 | D | RunUnitTests         |   Skipped XmlNotWfOP47fail2 [< 1 ms]
01:25:25.863 | D | RunUnitTests         |   Skipped XmlNotWfOP47fail3 [< 1 ms]
01:25:25.864 | D | RunUnitTests         |   Skipped XmlNotWfOP47fail4 [< 1 ms]
01:25:25.864 | D | RunUnitTests         |   Skipped XmlNotWfOP48fail1 [< 1 ms]
01:25:25.866 | D | RunUnitTests         |   Skipped XmlNotWfOP48fail2 [< 1 ms]
01:25:25.867 | D | RunUnitTests         |   Skipped XmlNotWfOP49fail1 [< 1 ms]
01:25:25.873 | D | RunUnitTests         |   Skipped XmlNotWfOP50fail1 [< 1 ms]
01:25:25.874 | D | RunUnitTests         |   Skipped XmlNotWfOP51fail1 [< 1 ms]
01:25:25.875 | D | RunUnitTests         |   Skipped XmlNotWfOP51fail2 [< 1 ms]
01:25:25.876 | D | RunUnitTests         |   Skipped XmlNotWfOP51fail3 [< 1 ms]
01:25:25.876 | D | RunUnitTests         |   Skipped XmlNotWfOP51fail4 [< 1 ms]
01:25:25.877 | D | RunUnitTests         |   Skipped XmlNotWfOP51fail5 [< 1 ms]
01:25:25.878 | D | RunUnitTests         |   Skipped XmlNotWfOP51fail6 [< 1 ms]
01:25:25.878 | D | RunUnitTests         |   Skipped XmlNotWfOP51fail7 [< 1 ms]
01:25:25.879 | D | RunUnitTests         |   Skipped XmlNotWfOP52fail1 [< 1 ms]
01:25:25.880 | D | RunUnitTests         |   Skipped XmlNotWfOP52fail2 [< 1 ms]
01:25:25.881 | D | RunUnitTests         |   Skipped XmlNotWfOP53fail1 [< 1 ms]
01:25:25.883 | D | RunUnitTests         |   Skipped XmlNotWfOP53fail2 [< 1 ms]
01:25:25.883 | D | RunUnitTests         |   Skipped XmlNotWfOP53fail3 [< 1 ms]
01:25:25.891 | D | RunUnitTests         |   Skipped XmlNotWfOP53fail4 [< 1 ms]
01:25:25.891 | D | RunUnitTests         |   Skipped XmlNotWfOP53fail5 [< 1 ms]
01:25:25.892 | D | RunUnitTests         |   Skipped XmlNotWfOP54fail1 [< 1 ms]
01:25:25.893 | D | RunUnitTests         |   Skipped XmlNotWfOP55fail1 [< 1 ms]
01:25:25.893 | D | RunUnitTests         |   Skipped XmlNotWfOP56fail1 [< 1 ms]
01:25:25.894 | D | RunUnitTests         |   Skipped XmlNotWfOP56fail2 [< 1 ms]
01:25:25.895 | D | RunUnitTests         |   Skipped XmlNotWfOP56fail3 [< 1 ms]
01:25:25.895 | D | RunUnitTests         |   Skipped XmlNotWfOP56fail4 [< 1 ms]
01:25:25.896 | D | RunUnitTests         |   Skipped XmlNotWfOP56fail5 [< 1 ms]
01:25:25.898 | D | RunUnitTests         |   Skipped XmlNotWfOP57fail1 [< 1 ms]
01:25:25.899 | D | RunUnitTests         |   Skipped XmlNotWfOP58fail1 [< 1 ms]
01:25:25.903 | D | RunUnitTests         |   Skipped XmlNotWfOP58fail2 [< 1 ms]
01:25:25.904 | D | RunUnitTests         |   Skipped XmlNotWfOP58fail3 [< 1 ms]
01:25:25.906 | D | RunUnitTests         |   Skipped XmlNotWfOP58fail4 [< 1 ms]
01:25:25.907 | D | RunUnitTests         |   Skipped XmlNotWfOP58fail5 [< 1 ms]
01:25:25.908 | D | RunUnitTests         |   Skipped XmlNotWfOP58fail6 [< 1 ms]
01:25:25.908 | D | RunUnitTests         |   Skipped XmlNotWfOP58fail7 [< 1 ms]
01:25:25.909 | D | RunUnitTests         |   Skipped XmlNotWfOP58fail8 [< 1 ms]
01:25:25.910 | D | RunUnitTests         |   Skipped XmlNotWfOP59fail1 [< 1 ms]
01:25:25.910 | D | RunUnitTests         |   Skipped XmlNotWfOP59fail2 [< 1 ms]
01:25:25.911 | D | RunUnitTests         |   Skipped XmlNotWfOP59fail3 [< 1 ms]
01:25:25.912 | D | RunUnitTests         |   Skipped XmlNotWfOP60fail1 [< 1 ms]
01:25:25.913 | D | RunUnitTests         |   Skipped XmlNotWfOP60fail2 [< 1 ms]
01:25:25.914 | D | RunUnitTests         |   Skipped XmlNotWfOP60fail3 [< 1 ms]
01:25:25.915 | D | RunUnitTests         |   Skipped XmlNotWfOP60fail4 [< 1 ms]
01:25:25.922 | D | RunUnitTests         |   Skipped XmlNotWfOP60fail5 [< 1 ms]
01:25:25.923 | D | RunUnitTests         |   Skipped XmlNotWfOP66fail1 [< 1 ms]
01:25:25.924 | D | RunUnitTests         |   Skipped XmlNotWfOP66fail2 [< 1 ms]
01:25:25.924 | D | RunUnitTests         |   Skipped XmlNotWfOP66fail3 [< 1 ms]
01:25:25.925 | D | RunUnitTests         |   Skipped XmlNotWfOP66fail4 [< 1 ms]
01:25:25.926 | D | RunUnitTests         |   Skipped XmlNotWfOP66fail5 [< 1 ms]
01:25:25.926 | D | RunUnitTests         |   Skipped XmlNotWfOP66fail6 [< 1 ms]
01:25:25.927 | D | RunUnitTests         |   Skipped XmlNotWfOP68fail1 [< 1 ms]
01:25:25.928 | D | RunUnitTests         |   Skipped XmlNotWfOP68fail2 [< 1 ms]
01:25:25.929 | D | RunUnitTests         |   Skipped XmlNotWfOP68fail3 [< 1 ms]
01:25:25.930 | D | RunUnitTests         |   Skipped XmlNotWfOP69fail1 [< 1 ms]
01:25:25.931 | D | RunUnitTests         |   Skipped XmlNotWfOP69fail2 [< 1 ms]
01:25:25.936 | D | RunUnitTests         |   Skipped XmlNotWfOP69fail3 [< 1 ms]
01:25:25.937 | D | RunUnitTests         |   Skipped XmlNotWfOP70fail1 [< 1 ms]
01:25:25.939 | D | RunUnitTests         |   Skipped XmlNotWfOP71fail1 [< 1 ms]
01:25:25.940 | D | RunUnitTests         |   Skipped XmlNotWfOP71fail2 [< 1 ms]
01:25:25.941 | D | RunUnitTests         |   Skipped XmlNotWfOP71fail3 [< 1 ms]
01:25:25.941 | D | RunUnitTests         |   Skipped XmlNotWfOP71fail4 [< 1 ms]
01:25:25.942 | D | RunUnitTests         |   Skipped XmlNotWfOP72fail1 [< 1 ms]
01:25:25.943 | D | RunUnitTests         |   Skipped XmlNotWfOP72fail2 [< 1 ms]
01:25:25.944 | D | RunUnitTests         |   Skipped XmlNotWfOP72fail3 [< 1 ms]
01:25:25.944 | D | RunUnitTests         |   Skipped XmlNotWfOP72fail4 [< 1 ms]
01:25:25.946 | D | RunUnitTests         |   Skipped XmlNotWfOP73fail1 [< 1 ms]
01:25:25.947 | D | RunUnitTests         |   Skipped XmlNotWfOP73fail2 [< 1 ms]
01:25:25.952 | D | RunUnitTests         |   Skipped XmlNotWfOP73fail3 [< 1 ms]
01:25:25.953 | D | RunUnitTests         |   Skipped XmlNotWfOP73fail4 [< 1 ms]
01:25:25.953 | D | RunUnitTests         |   Skipped XmlNotWfOP73fail5 [< 1 ms]
01:25:25.956 | D | RunUnitTests         |   Skipped XmlNotWfOP74fail1 [< 1 ms]
01:25:25.957 | D | RunUnitTests         |   Skipped XmlNotWfOP74fail2 [< 1 ms]
01:25:25.957 | D | RunUnitTests         |   Skipped XmlNotWfOP74fail3 [< 1 ms]
01:25:25.958 | D | RunUnitTests         |   Skipped XmlNotWfOP75fail1 [< 1 ms]
01:25:25.959 | D | RunUnitTests         |   Skipped XmlNotWfOP75fail2 [< 1 ms]
01:25:25.960 | D | RunUnitTests         |   Skipped XmlNotWfOP75fail3 [< 1 ms]
01:25:25.961 | D | RunUnitTests         |   Skipped XmlNotWfOP75fail4 [< 1 ms]
01:25:25.962 | D | RunUnitTests         |   Skipped XmlNotWfOP75fail5 [< 1 ms]
01:25:25.966 | D | RunUnitTests         |   Skipped XmlNotWfOP75fail6 [< 1 ms]
01:25:25.967 | D | RunUnitTests         |   Skipped XmlNotWfOP76fail1 [< 1 ms]
01:25:25.968 | D | RunUnitTests         |   Skipped XmlNotWfOP76fail2 [< 1 ms]
01:25:25.969 | D | RunUnitTests         |   Skipped XmlNotWfOP76fail3 [< 1 ms]
01:25:25.969 | D | RunUnitTests         |   Skipped XmlNotWfOP76fail4 [< 1 ms]
01:25:25.970 | D | RunUnitTests         |   Skipped XmlNotWfPi [< 1 ms]
01:25:25.973 | D | RunUnitTests         |   Skipped XmlNotWfSgml01 [< 1 ms]
01:25:25.973 | D | RunUnitTests         |   Skipped XmlNotWfSgml02 [< 1 ms]
01:25:25.974 | D | RunUnitTests         |   Skipped XmlNotWfSgml03 [< 1 ms]
01:25:25.975 | D | RunUnitTests         |   Skipped XmlNotWfSgml04 [< 1 ms]
01:25:25.976 | D | RunUnitTests         |   Skipped XmlNotWfSgml05 [< 1 ms]
01:25:25.977 | D | RunUnitTests         |   Skipped XmlNotWfSgml06 [< 1 ms]
01:25:25.982 | D | RunUnitTests         |   Skipped XmlNotWfSgml07 [< 1 ms]
01:25:25.983 | D | RunUnitTests         |   Skipped XmlNotWfSgml08 [< 1 ms]
01:25:25.983 | D | RunUnitTests         |   Skipped XmlNotWfSgml09 [< 1 ms]
01:25:25.984 | D | RunUnitTests         |   Skipped XmlNotWfSgml10 [< 1 ms]
01:25:25.985 | D | RunUnitTests         |   Skipped XmlNotWfSgml11 [< 1 ms]
01:25:25.986 | D | RunUnitTests         |   Skipped XmlNotWfSgml12 [< 1 ms]
01:25:25.986 | D | RunUnitTests         |   Skipped XmlNotWfSgml13 [< 1 ms]
01:25:25.987 | D | RunUnitTests         |   Skipped XmlNotWfValidSa094 [< 1 ms]
01:25:25.989 | D | RunUnitTests         |   Skipped XmlNotWfCond01 [< 1 ms]
01:25:25.990 | D | RunUnitTests         |   Skipped XmlNotWfDtd07 [< 1 ms]
01:25:25.991 | D | RunUnitTests         |   Skipped XmlNotWfEncoding07 [< 1 ms]
01:25:25.993 | D | RunUnitTests         |   Skipped XmlNotWfOP61fail1 [< 1 ms]
01:25:25.993 | D | RunUnitTests         |   Skipped XmlNotWfOP62fail1 [< 1 ms]
01:25:25.998 | D | RunUnitTests         |   Skipped XmlNotWfOP62fail2 [< 1 ms]
01:25:25.999 | D | RunUnitTests         |   Skipped XmlNotWfOP63fail1 [< 1 ms]
01:25:26.000 | D | RunUnitTests         |   Skipped XmlNotWfOP63fail2 [< 1 ms]
01:25:26.000 | D | RunUnitTests         |   Skipped XmlNotWfOP64fail1 [< 1 ms]
01:25:26.001 | D | RunUnitTests         |   Skipped XmlNotWfOP64fail2 [< 1 ms]
01:25:26.002 | D | RunUnitTests         |   Skipped XmlIbmValidP01Ibm01v01 [< 1 ms]
01:25:26.003 | D | RunUnitTests         |   Skipped XmlIbmValidP02Ibm02v01 [< 1 ms]
01:25:26.003 | D | RunUnitTests         |   Skipped XmlIbmValidP03Ibm03v01 [< 1 ms]
01:25:26.006 | D | RunUnitTests         |   Skipped XmlIbmValidP09Ibm09v01 [< 1 ms]
01:25:26.007 | D | RunUnitTests         |   Skipped XmlIbmValidP09Ibm09v02 [< 1 ms]
01:25:26.008 | D | RunUnitTests         |   Skipped XmlIbmValidP09Ibm09v04 [< 1 ms]
01:25:26.009 | D | RunUnitTests         |   Skipped XmlIbmValidP10Ibm10v01 [< 1 ms]
01:25:26.014 | D | RunUnitTests         |   Skipped XmlIbmValidP10Ibm10v02 [< 1 ms]
01:25:26.015 | D | RunUnitTests         |   Skipped XmlIbmValidP10Ibm10v03 [< 1 ms]
01:25:26.015 | D | RunUnitTests         |   Skipped XmlIbmValidP10Ibm10v04 [< 1 ms]
01:25:26.016 | D | RunUnitTests         |   Skipped XmlIbmValidP10Ibm10v05 [< 1 ms]
01:25:26.017 | D | RunUnitTests         |   Skipped XmlIbmValidP10Ibm10v06 [< 1 ms]
01:25:26.017 | D | RunUnitTests         |   Skipped XmlIbmValidP10Ibm10v07 [< 1 ms]
01:25:26.018 | D | RunUnitTests         |   Skipped XmlIbmValidP10Ibm10v08 [< 1 ms]
01:25:26.019 | D | RunUnitTests         |   Skipped XmlIbmValidP11Ibm11v01 [< 1 ms]
01:25:26.020 | D | RunUnitTests         |   Skipped XmlIbmValidP11Ibm11v02 [< 1 ms]
01:25:26.020 | D | RunUnitTests         |   Skipped XmlIbmValidP14Ibm14v01 [< 1 ms]
01:25:26.023 | D | RunUnitTests         |   Skipped XmlIbmValidP14Ibm14v02 [< 1 ms]
01:25:26.024 | D | RunUnitTests         |   Skipped XmlIbmValidP14Ibm14v03 [< 1 ms]
01:25:26.025 | D | RunUnitTests         |   Skipped XmlIbmValidP15Ibm15v01 [< 1 ms]
01:25:26.030 | D | RunUnitTests         |   Skipped XmlIbmValidP15Ibm15v02 [< 1 ms]
01:25:26.031 | D | RunUnitTests         |   Skipped XmlIbmValidP15Ibm15v03 [< 1 ms]
01:25:26.032 | D | RunUnitTests         |   Skipped XmlIbmValidP15Ibm15v04 [< 1 ms]
01:25:26.032 | D | RunUnitTests         |   Skipped XmlIbmValidP16Ibm16v01 [< 1 ms]
01:25:26.033 | D | RunUnitTests         |   Skipped XmlIbmValidP16Ibm16v02 [< 1 ms]
01:25:26.034 | D | RunUnitTests         |   Skipped XmlIbmValidP16Ibm16v03 [< 1 ms]
01:25:26.035 | D | RunUnitTests         |   Skipped XmlIbmValidP17Ibm17v01 [< 1 ms]
01:25:26.035 | D | RunUnitTests         |   Skipped XmlIbmValidP18Ibm18v01 [< 1 ms]
01:25:26.036 | D | RunUnitTests         |   Skipped XmlIbmValidP19Ibm19v01 [< 1 ms]
01:25:26.037 | D | RunUnitTests         |   Skipped XmlIbmValidP20Ibm20v01 [< 1 ms]
01:25:26.041 | D | RunUnitTests         |   Skipped XmlIbmValidP20Ibm20v02 [< 1 ms]
01:25:26.041 | D | RunUnitTests         |   Skipped XmlIbmValidP21Ibm21v01 [< 1 ms]
01:25:26.046 | D | RunUnitTests         |   Skipped XmlIbmValidP22Ibm22v01 [< 1 ms]
01:25:26.047 | D | RunUnitTests         |   Skipped XmlIbmValidP22Ibm22v02 [< 1 ms]
01:25:26.048 | D | RunUnitTests         |   Skipped XmlIbmValidP22Ibm22v03 [< 1 ms]
01:25:26.048 | D | RunUnitTests         |   Skipped XmlIbmValidP22Ibm22v04 [< 1 ms]
01:25:26.049 | D | RunUnitTests         |   Skipped XmlIbmValidP22Ibm22v05 [< 1 ms]
01:25:26.050 | D | RunUnitTests         |   Skipped XmlIbmValidP22Ibm22v06 [< 1 ms]
01:25:26.050 | D | RunUnitTests         |   Skipped XmlIbmValidP22Ibm22v07 [< 1 ms]
01:25:26.051 | D | RunUnitTests         |   Skipped XmlIbmValidP23Ibm23v01 [< 1 ms]
01:25:26.052 | D | RunUnitTests         |   Skipped XmlIbmValidP23Ibm23v02 [< 1 ms]
01:25:26.053 | D | RunUnitTests         |   Skipped XmlIbmValidP23Ibm23v03 [< 1 ms]
01:25:26.054 | D | RunUnitTests         |   Skipped XmlIbmValidP23Ibm23v04 [< 1 ms]
01:25:26.057 | D | RunUnitTests         |   Skipped XmlIbmValidP23Ibm23v05 [< 1 ms]
01:25:26.058 | D | RunUnitTests         |   Skipped XmlIbmValidP23Ibm23v06 [< 1 ms]
01:25:26.063 | D | RunUnitTests         |   Skipped XmlIbmValidP24Ibm24v01 [< 1 ms]
01:25:26.064 | D | RunUnitTests         |   Skipped XmlIbmValidP24Ibm24v02 [< 1 ms]
01:25:26.064 | D | RunUnitTests         |   Skipped XmlIbmValidP25Ibm25v01 [< 1 ms]
01:25:26.065 | D | RunUnitTests         |   Skipped XmlIbmValidP25Ibm25v02 [< 1 ms]
01:25:26.066 | D | RunUnitTests         |   Skipped XmlIbmValidP25Ibm25v03 [< 1 ms]
01:25:26.067 | D | RunUnitTests         |   Skipped XmlIbmValidP25Ibm25v04 [< 1 ms]
01:25:26.067 | D | RunUnitTests         |   Skipped XmlIbmValidP26Ibm26v01 [< 1 ms]
01:25:26.068 | D | RunUnitTests         |   Skipped XmlIbmValidP27Ibm27v01 [< 1 ms]
01:25:26.069 | D | RunUnitTests         |   Skipped XmlIbmValidP27Ibm27v02 [< 1 ms]
01:25:26.070 | D | RunUnitTests         |   Skipped XmlIbmValidP27Ibm27v03 [< 1 ms]
01:25:26.070 | D | RunUnitTests         |   Skipped XmlIbmValidP28Ibm28v01 [< 1 ms]
01:25:26.074 | D | RunUnitTests         |   Skipped XmlIbmValidP29Ibm29v01 [< 1 ms]
01:25:26.075 | D | RunUnitTests         |   Skipped XmlIbmValidP29Ibm29v02 [< 1 ms]
01:25:26.080 | D | RunUnitTests         |   Skipped XmlIbmValidP30Ibm30v01 [< 1 ms]
01:25:26.080 | D | RunUnitTests         |   Skipped XmlIbmValidP31Ibm31v01 [< 1 ms]
01:25:26.081 | D | RunUnitTests         |   Skipped XmlIbmValidP33Ibm33v01 [< 1 ms]
01:25:26.082 | D | RunUnitTests         |   Skipped XmlIbmValidP34Ibm34v01 [< 1 ms]
01:25:26.083 | D | RunUnitTests         |   Skipped XmlIbmValidP35Ibm35v01 [< 1 ms]
01:25:26.083 | D | RunUnitTests         |   Skipped XmlIbmValidP36Ibm36v01 [< 1 ms]
01:25:26.084 | D | RunUnitTests         |   Skipped XmlIbmValidP37Ibm37v01 [< 1 ms]
01:25:26.085 | D | RunUnitTests         |   Skipped XmlIbmValidP38Ibm38v01 [< 1 ms]
01:25:26.086 | D | RunUnitTests         |   Skipped XmlIbmValidP39Ibm39v01 [< 1 ms]
01:25:26.086 | D | RunUnitTests         |   Skipped XmlIbmValidP40Ibm40v01 [< 1 ms]
01:25:26.088 | D | RunUnitTests         |   Skipped XmlIbmValidP41Ibm41v01 [< 1 ms]
01:25:26.089 | D | RunUnitTests         |   Skipped XmlIbmValidP42Ibm42v01 [< 1 ms]
01:25:26.094 | D | RunUnitTests         |   Skipped XmlIbmValidP43Ibm43v01 [< 1 ms]
01:25:26.095 | D | RunUnitTests         |   Skipped XmlIbmValidP44Ibm44v01 [< 1 ms]
01:25:26.095 | D | RunUnitTests         |   Skipped XmlIbmValidP45Ibm45v01 [< 1 ms]
01:25:26.096 | D | RunUnitTests         |   Skipped XmlIbmValidP47Ibm47v01 [< 1 ms]
01:25:26.097 | D | RunUnitTests         |   Skipped XmlValidDtd01 [< 1 ms]
01:25:26.098 | D | RunUnitTests         |   Skipped XmlValidElement [< 1 ms]
01:25:26.098 | D | RunUnitTests         |   Skipped XmlValidExtSa001 [< 1 ms]
01:25:26.099 | D | RunUnitTests         |   Skipped XmlValidExtSa002 [< 1 ms]
01:25:26.100 | D | RunUnitTests         |   Skipped XmlValidExtSa004 [< 1 ms]
01:25:26.101 | D | RunUnitTests         |   Skipped XmlValidExtSa006 [< 1 ms]
01:25:26.101 | D | RunUnitTests         |   Skipped XmlValidExtSa009 [< 1 ms]
01:25:26.102 | D | RunUnitTests         |   Skipped XmlValidExtSa011 [< 1 ms]
01:25:26.104 | D | RunUnitTests         |   Skipped XmlValidOP01pass2 [< 1 ms]
01:25:26.105 | D | RunUnitTests         |   Skipped XmlValidOP06pass1 [< 1 ms]
01:25:26.111 | D | RunUnitTests         |   Skipped XmlValidOP07pass1 [< 1 ms]
01:25:26.112 | D | RunUnitTests         |   Skipped XmlValidOP08pass1 [< 1 ms]
01:25:26.112 | D | RunUnitTests         |   Skipped XmlValidOP11pass1 [< 1 ms]
01:25:26.113 | D | RunUnitTests         |   Skipped XmlValidOP12pass1 [< 1 ms]
01:25:26.114 | D | RunUnitTests         |   Skipped XmlValidOP22pass4 [< 1 ms]
01:25:26.115 | D | RunUnitTests         |   Skipped XmlValidOP22pass5 [< 1 ms]
01:25:26.115 | D | RunUnitTests         |   Skipped XmlValidOP22pass6 [< 1 ms]
01:25:26.116 | D | RunUnitTests         |   Skipped XmlValidOP28pass1 [< 1 ms]
01:25:26.117 | D | RunUnitTests         |   Skipped XmlValidOP28pass3 [< 1 ms]
01:25:26.117 | D | RunUnitTests         |   Skipped XmlValidOP29pass1 [< 1 ms]
01:25:26.118 | D | RunUnitTests         |   Skipped XmlValidOP43pass1 [< 1 ms]
01:25:26.121 | D | RunUnitTests         |   Skipped XmlValidOP69pass1 [< 1 ms]
01:25:26.121 | D | RunUnitTests         |   Skipped XmlValidSa002 [< 1 ms]
01:25:26.127 | D | RunUnitTests         |   Skipped XmlValidSa003 [< 1 ms]
01:25:26.128 | D | RunUnitTests         |   Skipped XmlValidSa004 [< 1 ms]
01:25:26.129 | D | RunUnitTests         |   Skipped XmlValidSa005 [< 1 ms]
01:25:26.129 | D | RunUnitTests         |   Skipped XmlValidSa006 [< 1 ms]
01:25:26.130 | D | RunUnitTests         |   Skipped XmlValidSa007 [< 1 ms]
01:25:26.131 | D | RunUnitTests         |   Skipped XmlValidSa008 [< 1 ms]
01:25:26.132 | D | RunUnitTests         |   Skipped XmlValidSa009 [< 1 ms]
01:25:26.132 | D | RunUnitTests         |   Skipped XmlValidSa01 [< 1 ms]
01:25:26.133 | D | RunUnitTests         |   Skipped XmlValidSa010 [< 1 ms]
01:25:26.134 | D | RunUnitTests         |   Skipped XmlValidSa011 [< 1 ms]
01:25:26.135 | D | RunUnitTests         |   Skipped XmlValidSa012 [< 1 ms]
01:25:26.137 | D | RunUnitTests         |   Skipped XmlValidSa013 [< 1 ms]
01:25:26.138 | D | RunUnitTests         |   Skipped XmlValidSa014 [< 1 ms]
01:25:26.144 | D | RunUnitTests         |   Skipped XmlValidSa015 [< 1 ms]
01:25:26.145 | D | RunUnitTests         |   Skipped XmlValidSa016 [< 1 ms]
01:25:26.146 | D | RunUnitTests         |   Skipped XmlValidSa017 [< 1 ms]
01:25:26.146 | D | RunUnitTests         |   Skipped XmlValidSa018 [< 1 ms]
01:25:26.147 | D | RunUnitTests         |   Skipped XmlValidSa019 [< 1 ms]
01:25:26.148 | D | RunUnitTests         |   Skipped XmlValidSa02 [< 1 ms]
01:25:26.149 | D | RunUnitTests         |   Skipped XmlValidSa020 [< 1 ms]
01:25:26.150 | D | RunUnitTests         |   Skipped XmlValidSa021 [< 1 ms]
01:25:26.150 | D | RunUnitTests         |   Skipped XmlValidSa022 [< 1 ms]
01:25:26.152 | D | RunUnitTests         |   Skipped XmlValidSa023 [< 1 ms]
01:25:26.158 | D | RunUnitTests         |   Skipped XmlValidSa024 [< 1 ms]
01:25:26.158 | D | RunUnitTests         |   Skipped XmlValidSa028 [< 1 ms]
01:25:26.159 | D | RunUnitTests         |   Skipped XmlValidSa029 [< 1 ms]
01:25:26.160 | D | RunUnitTests         |   Skipped XmlValidSa030 [< 1 ms]
01:25:26.161 | D | RunUnitTests         |   Skipped XmlValidSa032 [< 1 ms]
01:25:26.161 | D | RunUnitTests         |   Skipped XmlValidSa033 [< 1 ms]
01:25:26.162 | D | RunUnitTests         |   Skipped XmlValidSa034 [< 1 ms]
01:25:26.163 | D | RunUnitTests         |   Skipped XmlValidSa035 [< 1 ms]
01:25:26.164 | D | RunUnitTests         |   Skipped XmlValidSa036 [< 1 ms]
01:25:26.164 | D | RunUnitTests         |   Skipped XmlValidSa037 [< 1 ms]
01:25:26.165 | D | RunUnitTests         |   Skipped XmlValidSa038 [< 1 ms]
01:25:26.166 | D | RunUnitTests         |   Skipped XmlValidSa039 [< 1 ms]
01:25:26.167 | D | RunUnitTests         |   Skipped XmlValidSa044 [< 1 ms]
01:25:26.169 | D | RunUnitTests         |   Skipped XmlValidSa047 [< 1 ms]
01:25:26.175 | D | RunUnitTests         |   Skipped XmlValidSa048 [< 1 ms]
01:25:26.176 | D | RunUnitTests         |   Skipped XmlValidSa049 [< 1 ms]
01:25:26.176 | D | RunUnitTests         |   Skipped XmlValidSa050 [< 1 ms]
01:25:26.177 | D | RunUnitTests         |   Skipped XmlValidSa051 [< 1 ms]
01:25:26.178 | D | RunUnitTests         |   Skipped XmlValidSa052 [< 1 ms]
01:25:26.179 | D | RunUnitTests         |   Skipped XmlValidSa054 [< 1 ms]
01:25:26.180 | D | RunUnitTests         |   Skipped XmlValidSa055 [< 1 ms]
01:25:26.180 | D | RunUnitTests         |   Skipped XmlValidSa063 [< 1 ms]
01:25:26.181 | D | RunUnitTests         |   Skipped XmlValidSa068 [< 1 ms]
01:25:26.182 | D | RunUnitTests         |   Skipped XmlValidSa084 [< 1 ms]
01:25:26.183 | D | RunUnitTests         |   Skipped XmlValidSa086 [< 1 ms]
01:25:26.185 | D | RunUnitTests         |   Skipped XmlValidSa092 [< 1 ms]
01:25:26.186 | D | RunUnitTests         |   Skipped XmlValidSa093 [< 1 ms]
01:25:26.192 | D | RunUnitTests         |   Skipped XmlValidSa098 [< 1 ms]
01:25:26.192 | D | RunUnitTests         |   Skipped XmlValidSa100 [< 1 ms]
01:25:26.193 | D | RunUnitTests         |   Skipped XmlValidSa104 [< 1 ms]
01:25:26.194 | D | RunUnitTests         |   Skipped XmlValidSa108 [< 1 ms]
01:25:26.195 | D | RunUnitTests         |   Skipped XmlValidSa109 [< 1 ms]
01:25:26.195 | D | RunUnitTests         |   Skipped XmlValidSa114 [< 1 ms]
01:25:26.196 | D | RunUnitTests         |   Skipped XmlValidSa116 [< 1 ms]
01:25:26.197 | D | RunUnitTests         |   Skipped XmlValidSa119 [< 1 ms]
01:25:26.198 | D | RunUnitTests         |   Skipped XmlValidVLang01 [< 1 ms]
01:25:26.199 | D | RunUnitTests         |   Skipped XmlValidVLang02 [< 1 ms]
01:25:26.201 | D | RunUnitTests         |   Skipped XmlValidVLang03 [< 1 ms]
01:25:26.202 | D | RunUnitTests         |   Skipped XmlValidVLang04 [< 1 ms]
01:25:26.209 | D | RunUnitTests         |   Skipped XmlValidVLang05 [< 1 ms]
01:25:26.209 | D | RunUnitTests         |   Skipped XmlValidVLang06 [< 1 ms]
01:25:26.210 | D | RunUnitTests         |   Skipped XmlIbmValidP09Ibm09v03 [< 1 ms]
01:25:26.211 | D | RunUnitTests         |   Skipped XmlIbmValidP09Ibm09v05 [< 1 ms]
01:25:26.212 | D | RunUnitTests         |   Skipped XmlIbmValidP11Ibm11v03 [< 1 ms]
01:25:26.212 | D | RunUnitTests         |   Skipped XmlIbmValidP11Ibm11v04 [< 1 ms]
01:25:26.213 | D | RunUnitTests         |   Skipped XmlIbmValidP12Ibm12v01 [< 1 ms]
01:25:26.214 | D | RunUnitTests         |   Skipped XmlIbmValidP12Ibm12v02 [< 1 ms]
01:25:26.215 | D | RunUnitTests         |   Skipped XmlIbmValidP12Ibm12v03 [< 1 ms]
01:25:26.217 | D | RunUnitTests         |   Skipped XmlIbmValidP12Ibm12v04 [< 1 ms]
01:25:26.218 | D | RunUnitTests         |   Skipped XmlIbmValidP13Ibm13v01 [< 1 ms]
01:25:26.224 | D | RunUnitTests         |   Skipped XmlIbmValidP28Ibm28v02 [< 1 ms]
01:25:26.225 | D | RunUnitTests         |   Skipped XmlIbmValidP30Ibm30v02 [< 1 ms]
01:25:26.226 | D | RunUnitTests         |   Skipped XmlValidNotSa023 [< 1 ms]
01:25:26.227 | D | RunUnitTests         |   Skipped XmlValidNotSa024 [< 1 ms]
01:25:26.227 | D | RunUnitTests         |   Skipped XmlValidNotSa031 [< 1 ms]
01:25:26.228 | D | RunUnitTests         |   Skipped XmlValidOP09pass1 [< 1 ms]
01:25:26.229 | D | RunUnitTests         |   Skipped XmlValidOP28pass4 [< 1 ms]
01:25:26.230 | D | RunUnitTests         |   Skipped XmlValidOP28pass5 [< 1 ms]
01:25:26.230 | D | RunUnitTests         |   Skipped XmlValidOP30pass1 [< 1 ms]
01:25:26.232 | D | RunUnitTests         |   Skipped XmlValidOP30pass2 [< 1 ms]
01:25:26.233 | D | RunUnitTests         |   Skipped XmlValidOP31pass1 [< 1 ms]
01:25:26.239 | D | RunUnitTests         |   Skipped XmlValidOP31pass2 [< 1 ms]
01:25:26.240 | D | RunUnitTests         | 
01:25:26.241 | D | RunUnitTests         | Passed!  - Failed:     0, Passed:    54, Skipped:   423, Total:   477, Duration: 355 ms - AngleSharp.Xml.Tests.dll (net6.0)
01:25:26.243 | V | RunUnitTests         | Telemetry.OnTargetSucceeded (0)
01:25:26.243 | V | RunUnitTests         | EventInvoker.OnTargetSucceeded (-3.4028235E+38)
