V |                      | ArgumentsFromParametersFile.OnBuildCreated (150)
V |                      | Passing value for Build.Solution (src/AngleSharp.Xml.sln)
V |                      | InjectParameterValues.OnBuildCreated (100)
V |                      | HandleShellCompletion.OnBuildCreated (75)
V |                      | GenerateBuildServerConfigurations.OnBuildCreated (50)
V |                      | InvokeBuildServerConfigurationGeneration.OnBuildCreated (45)
V |                      | UpdateNotification.OnBuildCreated (10)
V |                      | UnsetVisualStudioEnvironmentVariables.OnBuildCreated (0)
V |                      | HandleVisualStudioDebugging.OnBuildCreated (0)
V |                      | HandleSingleFileExecution.OnBuildCreated (-50)
V |                      | EventInvoker.OnBuildCreated (-3.4028235E+38)
V |                      | HandleHelpRequests.OnBuildInitialized (5)
V |                      | Telemetry.OnBuildInitialized (0)
V |                      | InjectNonParameterValues.OnBuildInitialized (-100)
V |                      | EventInvoker.OnBuildInitialized (-3.4028235E+38)
D |                      | Reading ChangeLog E:\Code\AngleSharp\AngleSharp.Xml\CHANGELOG.md...
D |                      | Using LastestVersion from ChangeLog: 1.0.0
I |                      | Building version: 1.0.0
I |                      | Target Framework(s): ["netstandard2.0", "net461", "net472", "net6.0", "net7.0"]
V | Restore              | EventInvoker.OnTargetRunning (-3.4028235E+38)
I | Restore              | > "C:\Program Files\dotnet\dotnet.exe" restore E:\Code\AngleSharp\AngleSharp.Xml\src\AngleSharp.Xml.sln
D | Restore              |   Determining projects to restore...
D | Restore              |   Restored E:\Code\AngleSharp\AngleSharp.Xml\src\AngleSharp.Xml.Tests\AngleSharp.Xml.Tests.csproj (in 146 ms).
D | Restore              |   Restored E:\Code\AngleSharp\AngleSharp.Xml\src\AngleSharp.Xml\AngleSharp.Xml.csproj (in 146 ms).
V | Restore              | Telemetry.OnTargetSucceeded (0)
V | Restore              | EventInvoker.OnTargetSucceeded (-3.4028235E+38)
V | Compile              | EventInvoker.OnTargetRunning (-3.4028235E+38)
I | Compile              | > "C:\Program Files\dotnet\dotnet.exe" build E:\Code\AngleSharp\AngleSharp.Xml\src\AngleSharp.Xml.sln --configuration Debug --no-restore
D | Compile              | MSBuild version 17.4.0+18d5aef85 for .NET
D | Compile              |   AngleSharp.Xml -> E:\Code\AngleSharp\AngleSharp.Xml\src\AngleSharp.Xml\bin\Debug\net461\AngleSharp.Xml.dll
D | Compile              |   AngleSharp.Xml -> E:\Code\AngleSharp\AngleSharp.Xml\src\AngleSharp.Xml\bin\Debug\net472\AngleSharp.Xml.dll
D | Compile              |   AngleSharp.Xml -> E:\Code\AngleSharp\AngleSharp.Xml\src\AngleSharp.Xml\bin\Debug\netstandard2.0\AngleSharp.Xml.dll
D | Compile              |   AngleSharp.Xml -> E:\Code\AngleSharp\AngleSharp.Xml\src\AngleSharp.Xml\bin\Debug\net6.0\AngleSharp.Xml.dll
D | Compile              |   AngleSharp.Xml -> E:\Code\AngleSharp\AngleSharp.Xml\src\AngleSharp.Xml\bin\Debug\net7.0\AngleSharp.Xml.dll
W | Compile              | E:\Code\AngleSharp\AngleSharp.Xml\src\AngleSharp.Xml.Tests\DTDTree.cs(15,17): warning CS0219: The variable 'dtd' is assigned but its value is never used [E:\Code\AngleSharp\AngleSharp.Xml\src\AngleSharp.Xml.Tests\AngleSharp.Xml.Tests.csproj::TargetFramework=net6.0]
W | Compile              | E:\Code\AngleSharp\AngleSharp.Xml\src\AngleSharp.Xml.Tests\Tokenizer\XmlDTD.cs(49,17): warning CS0219: The variable 'dtd' is assigned but its value is never used [E:\Code\AngleSharp\AngleSharp.Xml\src\AngleSharp.Xml.Tests\AngleSharp.Xml.Tests.csproj::TargetFramework=net6.0]
W | Compile              | E:\Code\AngleSharp\AngleSharp.Xml\src\AngleSharp.Xml.Tests\Tokenizer\XmlDTD.cs(130,17): warning CS0219: The variable 'src' is assigned but its value is never used [E:\Code\AngleSharp\AngleSharp.Xml\src\AngleSharp.Xml.Tests\AngleSharp.Xml.Tests.csproj::TargetFramework=net6.0]
W | Compile              | E:\Code\AngleSharp\AngleSharp.Xml\src\AngleSharp.Xml.Tests\Tokenizer\XmlDTD.cs(165,17): warning CS0219: The variable 'src' is assigned but its value is never used [E:\Code\AngleSharp\AngleSharp.Xml\src\AngleSharp.Xml.Tests\AngleSharp.Xml.Tests.csproj::TargetFramework=net6.0]
D | Compile              |   AngleSharp.Xml.Tests -> E:\Code\AngleSharp\AngleSharp.Xml\src\AngleSharp.Xml.Tests\bin\Debug\net6.0\AngleSharp.Xml.Tests.dll
D | Compile              | 
D | Compile              | Build succeeded.
D | Compile              | 
W | Compile              | E:\Code\AngleSharp\AngleSharp.Xml\src\AngleSharp.Xml.Tests\DTDTree.cs(15,17): warning CS0219: The variable 'dtd' is assigned but its value is never used [E:\Code\AngleSharp\AngleSharp.Xml\src\AngleSharp.Xml.Tests\AngleSharp.Xml.Tests.csproj::TargetFramework=net6.0]
W | Compile              | E:\Code\AngleSharp\AngleSharp.Xml\src\AngleSharp.Xml.Tests\Tokenizer\XmlDTD.cs(49,17): warning CS0219: The variable 'dtd' is assigned but its value is never used [E:\Code\AngleSharp\AngleSharp.Xml\src\AngleSharp.Xml.Tests\AngleSharp.Xml.Tests.csproj::TargetFramework=net6.0]
W | Compile              | E:\Code\AngleSharp\AngleSharp.Xml\src\AngleSharp.Xml.Tests\Tokenizer\XmlDTD.cs(130,17): warning CS0219: The variable 'src' is assigned but its value is never used [E:\Code\AngleSharp\AngleSharp.Xml\src\AngleSharp.Xml.Tests\AngleSharp.Xml.Tests.csproj::TargetFramework=net6.0]
W | Compile              | E:\Code\AngleSharp\AngleSharp.Xml\src\AngleSharp.Xml.Tests\Tokenizer\XmlDTD.cs(165,17): warning CS0219: The variable 'src' is assigned but its value is never used [E:\Code\AngleSharp\AngleSharp.Xml\src\AngleSharp.Xml.Tests\AngleSharp.Xml.Tests.csproj::TargetFramework=net6.0]
D | Compile              |     4 Warning(s)
D | Compile              |     0 Error(s)
D | Compile              | 
D | Compile              | Time Elapsed 00:00:03.12
V | Compile              | Telemetry.OnTargetSucceeded (0)
V | Compile              | EventInvoker.OnTargetSucceeded (-3.4028235E+38)
V | RunUnitTests         | EventInvoker.OnTargetRunning (-3.4028235E+38)
I | RunUnitTests         | > "C:\Program Files\dotnet\dotnet.exe" test E:\Code\AngleSharp\AngleSharp.Xml\src\AngleSharp.Xml.sln --configuration Debug --no-build --no-restore
D | RunUnitTests         | Test run for E:\Code\AngleSharp\AngleSharp.Xml\src\AngleSharp.Xml.Tests\bin\Debug\net6.0\AngleSharp.Xml.Tests.dll (.NETCoreApp,Version=v6.0)
D | RunUnitTests         | Microsoft (R) Test Execution Command Line Tool Version 17.4.0 (x64)
D | RunUnitTests         | Copyright (c) Microsoft Corporation.  All rights reserved.
D | RunUnitTests         | 
D | RunUnitTests         | Starting test execution, please wait...
D | RunUnitTests         | A total of 1 test files matched the specified pattern.
D | RunUnitTests         |   Skipped XmIbmInvalidP41Ibm41i01 [5 ms]
D | RunUnitTests         |   Skipped XmlIbmInvalidP39Ibm39i01 [5 ms]
D | RunUnitTests         |   Skipped XmlIbmInvalidP39Ibm39i02 [5 ms]
D | RunUnitTests         |   Skipped XmlIbmInvalidP39Ibm39i03 [5 ms]
D | RunUnitTests         |   Skipped XmlIbmInvalidP39Ibm39i04 [5 ms]
D | RunUnitTests         |   Skipped XmlIbmInvalidP41Ibm41i02 [5 ms]
D | RunUnitTests         |   Skipped XmlIbmInvalidP45Ibm45i01 [5 ms]
D | RunUnitTests         |   Skipped XmlInvalidDtd03 [5 ms]
D | RunUnitTests         |   Skipped XmlInvalidEl01 [5 ms]
D | RunUnitTests         |   Skipped XmlInvalidEl02 [5 ms]
D | RunUnitTests         |   Skipped XmlInvalidEl03 [5 ms]
D | RunUnitTests         |   Skipped XmlInvalidEl04 [5 ms]
D | RunUnitTests         |   Skipped XmlInvalidEl06 [5 ms]
D | RunUnitTests         |   Skipped XmlInvalidInvRequired01 [5 ms]
D | RunUnitTests         |   Skipped XmlInvalidInvRequired02 [5 ms]
D | RunUnitTests         |   Skipped XmlInvalidOP40pass1 [5 ms]
D | RunUnitTests         |   Skipped XmlInvalidOP40pass2 [5 ms]
D | RunUnitTests         |   Skipped XmlInvalidOP40pass3 [5 ms]
D | RunUnitTests         |   Skipped XmlInvalidOP40pass4 [5 ms]
D | RunUnitTests         |   Skipped XmlInvalidOP41pass1 [5 ms]
D | RunUnitTests         |   Skipped XmlInvalidOP41pass2 [5 ms]
D | RunUnitTests         |   Skipped XmlInvalidOP42pass1 [5 ms]
D | RunUnitTests         |   Skipped XmlInvalidOP42pass2 [5 ms]
D | RunUnitTests         |   Skipped XmlInvalidOP44pass1 [5 ms]
D | RunUnitTests         |   Skipped XmlInvalidOP44pass2 [5 ms]
D | RunUnitTests         |   Skipped XmlInvalidOP44pass3 [5 ms]
D | RunUnitTests         |   Skipped XmlInvalidOP44pass4 [5 ms]
D | RunUnitTests         |   Skipped XmlInvalidOP44pass5 [5 ms]
D | RunUnitTests         |   Skipped XmlPrefixRefersToDefinedNamespace [< 1 ms]
D | RunUnitTests         |   Skipped XmlRedefinitionOfPrefixedNamespace [< 1 ms]
D | RunUnitTests         |   Skipped XmlSubElementsGetTheRightDefaultNamespace [< 1 ms]
D | RunUnitTests         |   Skipped XmlWithCustomNamespaceShouldExposeThatNamespaceUri [< 1 ms]
D | RunUnitTests         |   Skipped XmlWithNewNamespaceShouldContainRightNamespaceUri [< 1 ms]
D | RunUnitTests         |   Skipped XmlWithoutNamespaceUriShouldBeStandardNamespaceUri [< 1 ms]
D | RunUnitTests         |   Skipped XmlNotWfAttlist01 [< 1 ms]
D | RunUnitTests         |   Skipped XmlNotWfAttlist02 [< 1 ms]
D | RunUnitTests         |   Skipped XmlNotWfAttlist03 [< 1 ms]
D | RunUnitTests         |   Skipped XmlNotWfAttlist04 [< 1 ms]
D | RunUnitTests         |   Skipped XmlNotWfAttlist05 [< 1 ms]
D | RunUnitTests         |   Skipped XmlNotWfAttlist06 [< 1 ms]
D | RunUnitTests         |   Skipped XmlNotWfAttlist07 [< 1 ms]
D | RunUnitTests         |   Skipped XmlNotWfAttlist08 [< 1 ms]
D | RunUnitTests         |   Skipped XmlNotWfAttlist09 [< 1 ms]
D | RunUnitTests         |   Skipped XmlNotWfAttlist10 [< 1 ms]
D | RunUnitTests         |   Skipped XmlNotWfAttlist11 [< 1 ms]
D | RunUnitTests         |   Skipped XmlNotWfCond02 [< 1 ms]
D | RunUnitTests         |   Skipped XmlNotWfContent01 [< 1 ms]
D | RunUnitTests         |   Skipped XmlNotWfContent02 [< 1 ms]
D | RunUnitTests         |   Skipped XmlNotWfContent03 [< 1 ms]
D | RunUnitTests         |   Skipped XmlNotWfDtd02 [< 1 ms]
D | RunUnitTests         |   Skipped XmlNotWfDtd03 [< 1 ms]
D | RunUnitTests         |   Skipped XmlNotWfDtd04 [< 1 ms]
D | RunUnitTests         |   Skipped XmlNotWfDtd05 [< 1 ms]
D | RunUnitTests         |   Skipped XmlNotWfElement00 [< 1 ms]
D | RunUnitTests         |   Skipped XmlNotWfElement01 [< 1 ms]
D | RunUnitTests         |   Skipped XmlNotWfElement02 [< 1 ms]
D | RunUnitTests         |   Skipped XmlNotWfElement03 [< 1 ms]
D | RunUnitTests         |   Skipped XmlNotWfElement04 [< 1 ms]
D | RunUnitTests         |   Skipped XmlNotWfEncoding01 [< 1 ms]
D | RunUnitTests         |   Skipped XmlNotWfEncoding02 [< 1 ms]
D | RunUnitTests         |   Skipped XmlNotWfEncoding03 [< 1 ms]
D | RunUnitTests         |   Skipped XmlNotWfEncoding04 [< 1 ms]
D | RunUnitTests         |   Skipped XmlNotWfEncoding05 [< 1 ms]
D | RunUnitTests         |   Skipped XmlNotWfEncoding06 [< 1 ms]
D | RunUnitTests         |   Skipped XmlNotWfOP09fail3 [< 1 ms]
D | RunUnitTests         |   Skipped XmlNotWfOP09fail4 [< 1 ms]
D | RunUnitTests         |   Skipped XmlNotWfOP09fail5 [< 1 ms]
D | RunUnitTests         |   Skipped XmlNotWfOP14fail1 [< 1 ms]
D | RunUnitTests         |   Skipped XmlNotWfOP14fail2 [< 1 ms]
D | RunUnitTests         |   Skipped XmlNotWfOP14fail3 [< 1 ms]
D | RunUnitTests         |   Skipped XmlNotWfOP15fail1 [< 1 ms]
D | RunUnitTests         |   Skipped XmlNotWfOP15fail2 [< 1 ms]
D | RunUnitTests         |   Skipped XmlNotWfOP15fail3 [< 1 ms]
D | RunUnitTests         |   Skipped XmlNotWfOP16fail1 [< 1 ms]
D | RunUnitTests         |   Skipped XmlNotWfOP16fail2 [< 1 ms]
D | RunUnitTests         |   Skipped XmlNotWfOP18fail1 [< 1 ms]
D | RunUnitTests         |   Skipped XmlNotWfOP18fail2 [< 1 ms]
D | RunUnitTests         |   Skipped XmlNotWfOP18fail3 [< 1 ms]
D | RunUnitTests         |   Skipped XmlNotWfOP22fail1 [< 1 ms]
D | RunUnitTests         |   Skipped XmlNotWfOP22fail2 [< 1 ms]
D | RunUnitTests         |   Skipped XmlNotWfOP23fail1 [< 1 ms]
D | RunUnitTests         |   Skipped XmlNotWfOP23fail2 [< 1 ms]
D | RunUnitTests         |   Skipped XmlNotWfOP23fail3 [< 1 ms]
D | RunUnitTests         |   Skipped XmlNotWfOP23fail4 [< 1 ms]
D | RunUnitTests         |   Skipped XmlNotWfOP23fail5 [< 1 ms]
D | RunUnitTests         |   Skipped XmlNotWfOP24fail1 [< 1 ms]
D | RunUnitTests         |   Skipped XmlNotWfOP24fail2 [< 1 ms]
D | RunUnitTests         |   Skipped XmlNotWfOP25fail1 [< 1 ms]
D | RunUnitTests         |   Skipped XmlNotWfOP26fail1 [< 1 ms]
D | RunUnitTests         |   Skipped XmlNotWfOP26fail2 [< 1 ms]
D | RunUnitTests         |   Skipped XmlNotWfOP27fail1 [< 1 ms]
D | RunUnitTests         |   Skipped XmlNotWfOP28fail1 [< 1 ms]
D | RunUnitTests         |   Skipped XmlNotWfOP29fail1 [< 1 ms]
D | RunUnitTests         |   Skipped XmlNotWfOP32fail1 [< 1 ms]
D | RunUnitTests         |   Skipped XmlNotWfOP32fail2 [< 1 ms]
D | RunUnitTests         |   Skipped XmlNotWfOP32fail3 [< 1 ms]
D | RunUnitTests         |   Skipped XmlNotWfOP32fail4 [< 1 ms]
D | RunUnitTests         |   Skipped XmlNotWfOP32fail5 [< 1 ms]
D | RunUnitTests         |   Skipped XmlNotWfOP39fail1 [< 1 ms]
D | RunUnitTests         |   Skipped XmlNotWfOP39fail2 [< 1 ms]
D | RunUnitTests         |   Skipped XmlNotWfOP39fail3 [< 1 ms]
D | RunUnitTests         |   Skipped XmlNotWfOP39fail4 [< 1 ms]
D | RunUnitTests         |   Skipped XmlNotWfOP39fail5 [< 1 ms]
D | RunUnitTests         |   Skipped XmlNotWfOP40fail1 [< 1 ms]
D | RunUnitTests         |   Skipped XmlNotWfOP40fail2 [< 1 ms]
D | RunUnitTests         |   Skipped XmlNotWfOP40fail3 [< 1 ms]
D | RunUnitTests         |   Skipped XmlNotWfOP40fail4 [< 1 ms]
D | RunUnitTests         |   Skipped XmlNotWfOP41fail1 [< 1 ms]
D | RunUnitTests         |   Skipped XmlNotWfOP41fail2 [< 1 ms]
D | RunUnitTests         |   Skipped XmlNotWfOP41fail3 [< 1 ms]
D | RunUnitTests         |   Skipped XmlNotWfOP42fail1 [< 1 ms]
D | RunUnitTests         |   Skipped XmlNotWfOP42fail2 [< 1 ms]
D | RunUnitTests         |   Skipped XmlNotWfOP42fail3 [< 1 ms]
D | RunUnitTests         |   Skipped XmlNotWfOP43fail1 [< 1 ms]
D | RunUnitTests         |   Skipped XmlNotWfOP43fail2 [< 1 ms]
D | RunUnitTests         |   Skipped XmlNotWfOP43fail3 [< 1 ms]
D | RunUnitTests         |   Skipped XmlNotWfOP44fail1 [< 1 ms]
D | RunUnitTests         |   Skipped XmlNotWfOP44fail2 [< 1 ms]
D | RunUnitTests         |   Skipped XmlNotWfOP44fail3 [< 1 ms]
D | RunUnitTests         |   Skipped XmlNotWfOP44fail4 [< 1 ms]
D | RunUnitTests         |   Skipped XmlNotWfOP44fail5 [< 1 ms]
D | RunUnitTests         |   Skipped XmlNotWfOP45fail1 [< 1 ms]
D | RunUnitTests         |   Skipped XmlNotWfOP45fail2 [< 1 ms]
D | RunUnitTests         |   Skipped XmlNotWfOP45fail3 [< 1 ms]
D | RunUnitTests         |   Skipped XmlNotWfOP45fail4 [< 1 ms]
D | RunUnitTests         |   Skipped XmlNotWfOP46fail1 [< 1 ms]
D | RunUnitTests         |   Skipped XmlNotWfOP46fail2 [< 1 ms]
D | RunUnitTests         |   Skipped XmlNotWfOP46fail3 [< 1 ms]
D | RunUnitTests         |   Skipped XmlNotWfOP46fail4 [< 1 ms]
D | RunUnitTests         |   Skipped XmlNotWfOP46fail5 [< 1 ms]
D | RunUnitTests         |   Skipped XmlNotWfOP46fail6 [< 1 ms]
D | RunUnitTests         |   Skipped XmlNotWfOP47fail1 [< 1 ms]
D | RunUnitTests         |   Skipped XmlNotWfOP47fail2 [< 1 ms]
D | RunUnitTests         |   Skipped XmlNotWfOP47fail3 [< 1 ms]
D | RunUnitTests         |   Skipped XmlNotWfOP47fail4 [< 1 ms]
D | RunUnitTests         |   Skipped XmlNotWfOP48fail1 [< 1 ms]
D | RunUnitTests         |   Skipped XmlNotWfOP48fail2 [< 1 ms]
D | RunUnitTests         |   Skipped XmlNotWfOP49fail1 [< 1 ms]
D | RunUnitTests         |   Skipped XmlNotWfOP50fail1 [< 1 ms]
D | RunUnitTests         |   Skipped XmlNotWfOP51fail1 [< 1 ms]
D | RunUnitTests         |   Skipped XmlNotWfOP51fail2 [< 1 ms]
D | RunUnitTests         |   Skipped XmlNotWfOP51fail3 [< 1 ms]
D | RunUnitTests         |   Skipped XmlNotWfOP51fail4 [< 1 ms]
D | RunUnitTests         |   Skipped XmlNotWfOP51fail5 [< 1 ms]
D | RunUnitTests         |   Skipped XmlNotWfOP51fail6 [< 1 ms]
D | RunUnitTests         |   Skipped XmlNotWfOP51fail7 [< 1 ms]
D | RunUnitTests         |   Skipped XmlNotWfOP52fail1 [< 1 ms]
D | RunUnitTests         |   Skipped XmlNotWfOP52fail2 [< 1 ms]
D | RunUnitTests         |   Skipped XmlNotWfOP53fail1 [< 1 ms]
D | RunUnitTests         |   Skipped XmlNotWfOP53fail2 [< 1 ms]
D | RunUnitTests         |   Skipped XmlNotWfOP53fail3 [< 1 ms]
D | RunUnitTests         |   Skipped XmlNotWfOP53fail4 [< 1 ms]
D | RunUnitTests         |   Skipped XmlNotWfOP53fail5 [< 1 ms]
D | RunUnitTests         |   Skipped XmlNotWfOP54fail1 [< 1 ms]
D | RunUnitTests         |   Skipped XmlNotWfOP55fail1 [< 1 ms]
D | RunUnitTests         |   Skipped XmlNotWfOP56fail1 [< 1 ms]
D | RunUnitTests         |   Skipped XmlNotWfOP56fail2 [< 1 ms]
D | RunUnitTests         |   Skipped XmlNotWfOP56fail3 [< 1 ms]
D | RunUnitTests         |   Skipped XmlNotWfOP56fail4 [< 1 ms]
D | RunUnitTests         |   Skipped XmlNotWfOP56fail5 [< 1 ms]
D | RunUnitTests         |   Skipped XmlNotWfOP57fail1 [< 1 ms]
D | RunUnitTests         |   Skipped XmlNotWfOP58fail1 [< 1 ms]
D | RunUnitTests         |   Skipped XmlNotWfOP58fail2 [< 1 ms]
D | RunUnitTests         |   Skipped XmlNotWfOP58fail3 [< 1 ms]
D | RunUnitTests         |   Skipped XmlNotWfOP58fail4 [< 1 ms]
D | RunUnitTests         |   Skipped XmlNotWfOP58fail5 [< 1 ms]
D | RunUnitTests         |   Skipped XmlNotWfOP58fail6 [< 1 ms]
D | RunUnitTests         |   Skipped XmlNotWfOP58fail7 [< 1 ms]
D | RunUnitTests         |   Skipped XmlNotWfOP58fail8 [< 1 ms]
D | RunUnitTests         |   Skipped XmlNotWfOP59fail1 [< 1 ms]
D | RunUnitTests         |   Skipped XmlNotWfOP59fail2 [< 1 ms]
D | RunUnitTests         |   Skipped XmlNotWfOP59fail3 [< 1 ms]
D | RunUnitTests         |   Skipped XmlNotWfOP60fail1 [< 1 ms]
D | RunUnitTests         |   Skipped XmlNotWfOP60fail2 [< 1 ms]
D | RunUnitTests         |   Skipped XmlNotWfOP60fail3 [< 1 ms]
D | RunUnitTests         |   Skipped XmlNotWfOP60fail4 [< 1 ms]
D | RunUnitTests         |   Skipped XmlNotWfOP60fail5 [< 1 ms]
D | RunUnitTests         |   Skipped XmlNotWfOP66fail1 [< 1 ms]
D | RunUnitTests         |   Skipped XmlNotWfOP66fail2 [< 1 ms]
D | RunUnitTests         |   Skipped XmlNotWfOP66fail3 [< 1 ms]
D | RunUnitTests         |   Skipped XmlNotWfOP66fail4 [< 1 ms]
D | RunUnitTests         |   Skipped XmlNotWfOP66fail5 [< 1 ms]
D | RunUnitTests         |   Skipped XmlNotWfOP66fail6 [< 1 ms]
D | RunUnitTests         |   Skipped XmlNotWfOP68fail1 [< 1 ms]
D | RunUnitTests         |   Skipped XmlNotWfOP68fail2 [< 1 ms]
D | RunUnitTests         |   Skipped XmlNotWfOP68fail3 [< 1 ms]
D | RunUnitTests         |   Skipped XmlNotWfOP69fail1 [< 1 ms]
D | RunUnitTests         |   Skipped XmlNotWfOP69fail2 [< 1 ms]
D | RunUnitTests         |   Skipped XmlNotWfOP69fail3 [< 1 ms]
D | RunUnitTests         |   Skipped XmlNotWfOP70fail1 [< 1 ms]
D | RunUnitTests         |   Skipped XmlNotWfOP71fail1 [< 1 ms]
D | RunUnitTests         |   Skipped XmlNotWfOP71fail2 [< 1 ms]
D | RunUnitTests         |   Skipped XmlNotWfOP71fail3 [< 1 ms]
D | RunUnitTests         |   Skipped XmlNotWfOP71fail4 [< 1 ms]
D | RunUnitTests         |   Skipped XmlNotWfOP72fail1 [< 1 ms]
D | RunUnitTests         |   Skipped XmlNotWfOP72fail2 [< 1 ms]
D | RunUnitTests         |   Skipped XmlNotWfOP72fail3 [< 1 ms]
D | RunUnitTests         |   Skipped XmlNotWfOP72fail4 [< 1 ms]
D | RunUnitTests         |   Skipped XmlNotWfOP73fail1 [< 1 ms]
D | RunUnitTests         |   Skipped XmlNotWfOP73fail2 [< 1 ms]
D | RunUnitTests         |   Skipped XmlNotWfOP73fail3 [< 1 ms]
D | RunUnitTests         |   Skipped XmlNotWfOP73fail4 [< 1 ms]
D | RunUnitTests         |   Skipped XmlNotWfOP73fail5 [< 1 ms]
D | RunUnitTests         |   Skipped XmlNotWfOP74fail1 [< 1 ms]
D | RunUnitTests         |   Skipped XmlNotWfOP74fail2 [< 1 ms]
D | RunUnitTests         |   Skipped XmlNotWfOP74fail3 [< 1 ms]
D | RunUnitTests         |   Skipped XmlNotWfOP75fail1 [< 1 ms]
D | RunUnitTests         |   Skipped XmlNotWfOP75fail2 [< 1 ms]
D | RunUnitTests         |   Skipped XmlNotWfOP75fail3 [< 1 ms]
D | RunUnitTests         |   Skipped XmlNotWfOP75fail4 [< 1 ms]
D | RunUnitTests         |   Skipped XmlNotWfOP75fail5 [< 1 ms]
D | RunUnitTests         |   Skipped XmlNotWfOP75fail6 [< 1 ms]
D | RunUnitTests         |   Skipped XmlNotWfOP76fail1 [< 1 ms]
D | RunUnitTests         |   Skipped XmlNotWfOP76fail2 [< 1 ms]
D | RunUnitTests         |   Skipped XmlNotWfOP76fail3 [< 1 ms]
D | RunUnitTests         |   Skipped XmlNotWfOP76fail4 [< 1 ms]
D | RunUnitTests         |   Skipped XmlNotWfPi [< 1 ms]
D | RunUnitTests         |   Skipped XmlNotWfSgml01 [< 1 ms]
D | RunUnitTests         |   Skipped XmlNotWfSgml02 [< 1 ms]
D | RunUnitTests         |   Skipped XmlNotWfSgml03 [< 1 ms]
D | RunUnitTests         |   Skipped XmlNotWfSgml04 [< 1 ms]
D | RunUnitTests         |   Skipped XmlNotWfSgml05 [< 1 ms]
D | RunUnitTests         |   Skipped XmlNotWfSgml06 [< 1 ms]
D | RunUnitTests         |   Skipped XmlNotWfSgml07 [< 1 ms]
D | RunUnitTests         |   Skipped XmlNotWfSgml08 [< 1 ms]
D | RunUnitTests         |   Skipped XmlNotWfSgml09 [< 1 ms]
D | RunUnitTests         |   Skipped XmlNotWfSgml10 [< 1 ms]
D | RunUnitTests         |   Skipped XmlNotWfSgml11 [< 1 ms]
D | RunUnitTests         |   Skipped XmlNotWfSgml12 [< 1 ms]
D | RunUnitTests         |   Skipped XmlNotWfSgml13 [< 1 ms]
D | RunUnitTests         |   Skipped XmlNotWfValidSa094 [< 1 ms]
D | RunUnitTests         |   Skipped XmlNotWfCond01 [< 1 ms]
D | RunUnitTests         |   Skipped XmlNotWfDtd07 [< 1 ms]
D | RunUnitTests         |   Skipped XmlNotWfEncoding07 [< 1 ms]
D | RunUnitTests         |   Skipped XmlNotWfOP61fail1 [< 1 ms]
D | RunUnitTests         |   Skipped XmlNotWfOP62fail1 [< 1 ms]
D | RunUnitTests         |   Skipped XmlNotWfOP62fail2 [< 1 ms]
D | RunUnitTests         |   Skipped XmlNotWfOP63fail1 [< 1 ms]
D | RunUnitTests         |   Skipped XmlNotWfOP63fail2 [< 1 ms]
D | RunUnitTests         |   Skipped XmlNotWfOP64fail1 [< 1 ms]
D | RunUnitTests         |   Skipped XmlNotWfOP64fail2 [< 1 ms]
D | RunUnitTests         |   Skipped XmlIbmValidP01Ibm01v01 [< 1 ms]
D | RunUnitTests         |   Skipped XmlIbmValidP02Ibm02v01 [< 1 ms]
D | RunUnitTests         |   Skipped XmlIbmValidP03Ibm03v01 [< 1 ms]
D | RunUnitTests         |   Skipped XmlIbmValidP09Ibm09v01 [< 1 ms]
D | RunUnitTests         |   Skipped XmlIbmValidP09Ibm09v02 [< 1 ms]
D | RunUnitTests         |   Skipped XmlIbmValidP09Ibm09v04 [< 1 ms]
D | RunUnitTests         |   Skipped XmlIbmValidP10Ibm10v01 [< 1 ms]
D | RunUnitTests         |   Skipped XmlIbmValidP10Ibm10v02 [< 1 ms]
D | RunUnitTests         |   Skipped XmlIbmValidP10Ibm10v03 [< 1 ms]
D | RunUnitTests         |   Skipped XmlIbmValidP10Ibm10v04 [< 1 ms]
D | RunUnitTests         |   Skipped XmlIbmValidP10Ibm10v05 [< 1 ms]
D | RunUnitTests         |   Skipped XmlIbmValidP10Ibm10v06 [< 1 ms]
D | RunUnitTests         |   Skipped XmlIbmValidP10Ibm10v07 [< 1 ms]
D | RunUnitTests         |   Skipped XmlIbmValidP10Ibm10v08 [< 1 ms]
D | RunUnitTests         |   Skipped XmlIbmValidP11Ibm11v01 [< 1 ms]
D | RunUnitTests         |   Skipped XmlIbmValidP11Ibm11v02 [< 1 ms]
D | RunUnitTests         |   Skipped XmlIbmValidP14Ibm14v01 [< 1 ms]
D | RunUnitTests         |   Skipped XmlIbmValidP14Ibm14v02 [< 1 ms]
D | RunUnitTests         |   Skipped XmlIbmValidP14Ibm14v03 [< 1 ms]
D | RunUnitTests         |   Skipped XmlIbmValidP15Ibm15v01 [< 1 ms]
D | RunUnitTests         |   Skipped XmlIbmValidP15Ibm15v02 [< 1 ms]
D | RunUnitTests         |   Skipped XmlIbmValidP15Ibm15v03 [< 1 ms]
D | RunUnitTests         |   Skipped XmlIbmValidP15Ibm15v04 [< 1 ms]
D | RunUnitTests         |   Skipped XmlIbmValidP16Ibm16v01 [< 1 ms]
D | RunUnitTests         |   Skipped XmlIbmValidP16Ibm16v02 [< 1 ms]
D | RunUnitTests         |   Skipped XmlIbmValidP16Ibm16v03 [< 1 ms]
D | RunUnitTests         |   Skipped XmlIbmValidP17Ibm17v01 [< 1 ms]
D | RunUnitTests         |   Skipped XmlIbmValidP18Ibm18v01 [< 1 ms]
D | RunUnitTests         |   Skipped XmlIbmValidP19Ibm19v01 [< 1 ms]
D | RunUnitTests         |   Skipped XmlIbmValidP20Ibm20v01 [< 1 ms]
D | RunUnitTests         |   Skipped XmlIbmValidP20Ibm20v02 [< 1 ms]
D | RunUnitTests         |   Skipped XmlIbmValidP21Ibm21v01 [< 1 ms]
D | RunUnitTests         |   Skipped XmlIbmValidP22Ibm22v01 [< 1 ms]
D | RunUnitTests         |   Skipped XmlIbmValidP22Ibm22v02 [< 1 ms]
D | RunUnitTests         |   Skipped XmlIbmValidP22Ibm22v03 [< 1 ms]
D | RunUnitTests         |   Skipped XmlIbmValidP22Ibm22v04 [< 1 ms]
D | RunUnitTests         |   Skipped XmlIbmValidP22Ibm22v05 [< 1 ms]
D | RunUnitTests         |   Skipped XmlIbmValidP22Ibm22v06 [< 1 ms]
D | RunUnitTests         |   Skipped XmlIbmValidP22Ibm22v07 [< 1 ms]
D | RunUnitTests         |   Skipped XmlIbmValidP23Ibm23v01 [< 1 ms]
D | RunUnitTests         |   Skipped XmlIbmValidP23Ibm23v02 [< 1 ms]
D | RunUnitTests         |   Skipped XmlIbmValidP23Ibm23v03 [< 1 ms]
D | RunUnitTests         |   Skipped XmlIbmValidP23Ibm23v04 [< 1 ms]
D | RunUnitTests         |   Skipped XmlIbmValidP23Ibm23v05 [< 1 ms]
D | RunUnitTests         |   Skipped XmlIbmValidP23Ibm23v06 [< 1 ms]
D | RunUnitTests         |   Skipped XmlIbmValidP24Ibm24v01 [< 1 ms]
D | RunUnitTests         |   Skipped XmlIbmValidP24Ibm24v02 [< 1 ms]
D | RunUnitTests         |   Skipped XmlIbmValidP25Ibm25v01 [< 1 ms]
D | RunUnitTests         |   Skipped XmlIbmValidP25Ibm25v02 [< 1 ms]
D | RunUnitTests         |   Skipped XmlIbmValidP25Ibm25v03 [< 1 ms]
D | RunUnitTests         |   Skipped XmlIbmValidP25Ibm25v04 [< 1 ms]
D | RunUnitTests         |   Skipped XmlIbmValidP26Ibm26v01 [< 1 ms]
D | RunUnitTests         |   Skipped XmlIbmValidP27Ibm27v01 [< 1 ms]
D | RunUnitTests         |   Skipped XmlIbmValidP27Ibm27v02 [< 1 ms]
D | RunUnitTests         |   Skipped XmlIbmValidP27Ibm27v03 [< 1 ms]
D | RunUnitTests         |   Skipped XmlIbmValidP28Ibm28v01 [< 1 ms]
D | RunUnitTests         |   Skipped XmlIbmValidP29Ibm29v01 [< 1 ms]
D | RunUnitTests         |   Skipped XmlIbmValidP29Ibm29v02 [< 1 ms]
D | RunUnitTests         |   Skipped XmlIbmValidP30Ibm30v01 [< 1 ms]
D | RunUnitTests         |   Skipped XmlIbmValidP31Ibm31v01 [< 1 ms]
D | RunUnitTests         |   Skipped XmlIbmValidP33Ibm33v01 [< 1 ms]
D | RunUnitTests         |   Skipped XmlIbmValidP34Ibm34v01 [< 1 ms]
D | RunUnitTests         |   Skipped XmlIbmValidP35Ibm35v01 [< 1 ms]
D | RunUnitTests         |   Skipped XmlIbmValidP36Ibm36v01 [< 1 ms]
D | RunUnitTests         |   Skipped XmlIbmValidP37Ibm37v01 [< 1 ms]
D | RunUnitTests         |   Skipped XmlIbmValidP38Ibm38v01 [< 1 ms]
D | RunUnitTests         |   Skipped XmlIbmValidP39Ibm39v01 [< 1 ms]
D | RunUnitTests         |   Skipped XmlIbmValidP40Ibm40v01 [< 1 ms]
D | RunUnitTests         |   Skipped XmlIbmValidP41Ibm41v01 [< 1 ms]
D | RunUnitTests         |   Skipped XmlIbmValidP42Ibm42v01 [< 1 ms]
D | RunUnitTests         |   Skipped XmlIbmValidP43Ibm43v01 [< 1 ms]
D | RunUnitTests         |   Skipped XmlIbmValidP44Ibm44v01 [< 1 ms]
D | RunUnitTests         |   Skipped XmlIbmValidP45Ibm45v01 [< 1 ms]
D | RunUnitTests         |   Skipped XmlIbmValidP47Ibm47v01 [< 1 ms]
D | RunUnitTests         |   Skipped XmlValidDtd01 [< 1 ms]
D | RunUnitTests         |   Skipped XmlValidElement [< 1 ms]
D | RunUnitTests         |   Skipped XmlValidExtSa001 [< 1 ms]
D | RunUnitTests         |   Skipped XmlValidExtSa002 [< 1 ms]
D | RunUnitTests         |   Skipped XmlValidExtSa004 [< 1 ms]
D | RunUnitTests         |   Skipped XmlValidExtSa006 [< 1 ms]
D | RunUnitTests         |   Skipped XmlValidExtSa009 [< 1 ms]
D | RunUnitTests         |   Skipped XmlValidExtSa011 [< 1 ms]
D | RunUnitTests         |   Skipped XmlValidOP01pass2 [< 1 ms]
D | RunUnitTests         |   Skipped XmlValidOP06pass1 [< 1 ms]
D | RunUnitTests         |   Skipped XmlValidOP07pass1 [< 1 ms]
D | RunUnitTests         |   Skipped XmlValidOP08pass1 [< 1 ms]
D | RunUnitTests         |   Skipped XmlValidOP11pass1 [< 1 ms]
D | RunUnitTests         |   Skipped XmlValidOP12pass1 [< 1 ms]
D | RunUnitTests         |   Skipped XmlValidOP22pass4 [< 1 ms]
D | RunUnitTests         |   Skipped XmlValidOP22pass5 [< 1 ms]
D | RunUnitTests         |   Skipped XmlValidOP22pass6 [< 1 ms]
D | RunUnitTests         |   Skipped XmlValidOP28pass1 [< 1 ms]
D | RunUnitTests         |   Skipped XmlValidOP28pass3 [< 1 ms]
D | RunUnitTests         |   Skipped XmlValidOP29pass1 [< 1 ms]
D | RunUnitTests         |   Skipped XmlValidOP43pass1 [< 1 ms]
D | RunUnitTests         |   Skipped XmlValidOP69pass1 [< 1 ms]
D | RunUnitTests         |   Skipped XmlValidSa002 [< 1 ms]
D | RunUnitTests         |   Skipped XmlValidSa003 [< 1 ms]
D | RunUnitTests         |   Skipped XmlValidSa004 [< 1 ms]
D | RunUnitTests         |   Skipped XmlValidSa005 [< 1 ms]
D | RunUnitTests         |   Skipped XmlValidSa006 [< 1 ms]
D | RunUnitTests         |   Skipped XmlValidSa007 [< 1 ms]
D | RunUnitTests         |   Skipped XmlValidSa008 [< 1 ms]
D | RunUnitTests         |   Skipped XmlValidSa009 [< 1 ms]
D | RunUnitTests         |   Skipped XmlValidSa01 [< 1 ms]
D | RunUnitTests         |   Skipped XmlValidSa010 [< 1 ms]
D | RunUnitTests         |   Skipped XmlValidSa011 [< 1 ms]
D | RunUnitTests         |   Skipped XmlValidSa012 [< 1 ms]
D | RunUnitTests         |   Skipped XmlValidSa013 [< 1 ms]
D | RunUnitTests         |   Skipped XmlValidSa014 [< 1 ms]
D | RunUnitTests         |   Skipped XmlValidSa015 [< 1 ms]
D | RunUnitTests         |   Skipped XmlValidSa016 [< 1 ms]
D | RunUnitTests         |   Skipped XmlValidSa017 [< 1 ms]
D | RunUnitTests         |   Skipped XmlValidSa018 [< 1 ms]
D | RunUnitTests         |   Skipped XmlValidSa019 [< 1 ms]
D | RunUnitTests         |   Skipped XmlValidSa02 [< 1 ms]
D | RunUnitTests         |   Skipped XmlValidSa020 [< 1 ms]
D | RunUnitTests         |   Skipped XmlValidSa021 [< 1 ms]
D | RunUnitTests         |   Skipped XmlValidSa022 [< 1 ms]
D | RunUnitTests         |   Skipped XmlValidSa023 [< 1 ms]
D | RunUnitTests         |   Skipped XmlValidSa024 [< 1 ms]
D | RunUnitTests         |   Skipped XmlValidSa028 [< 1 ms]
D | RunUnitTests         |   Skipped XmlValidSa029 [< 1 ms]
D | RunUnitTests         |   Skipped XmlValidSa030 [< 1 ms]
D | RunUnitTests         |   Skipped XmlValidSa032 [< 1 ms]
D | RunUnitTests         |   Skipped XmlValidSa033 [< 1 ms]
D | RunUnitTests         |   Skipped XmlValidSa034 [< 1 ms]
D | RunUnitTests         |   Skipped XmlValidSa035 [< 1 ms]
D | RunUnitTests         |   Skipped XmlValidSa036 [< 1 ms]
D | RunUnitTests         |   Skipped XmlValidSa037 [< 1 ms]
D | RunUnitTests         |   Skipped XmlValidSa038 [< 1 ms]
D | RunUnitTests         |   Skipped XmlValidSa039 [< 1 ms]
D | RunUnitTests         |   Skipped XmlValidSa044 [< 1 ms]
D | RunUnitTests         |   Skipped XmlValidSa047 [< 1 ms]
D | RunUnitTests         |   Skipped XmlValidSa048 [< 1 ms]
D | RunUnitTests         |   Skipped XmlValidSa049 [< 1 ms]
D | RunUnitTests         |   Skipped XmlValidSa050 [< 1 ms]
D | RunUnitTests         |   Skipped XmlValidSa051 [< 1 ms]
D | RunUnitTests         |   Skipped XmlValidSa052 [< 1 ms]
D | RunUnitTests         |   Skipped XmlValidSa054 [< 1 ms]
D | RunUnitTests         |   Skipped XmlValidSa055 [< 1 ms]
D | RunUnitTests         |   Skipped XmlValidSa063 [< 1 ms]
D | RunUnitTests         |   Skipped XmlValidSa068 [< 1 ms]
D | RunUnitTests         |   Skipped XmlValidSa084 [< 1 ms]
D | RunUnitTests         |   Skipped XmlValidSa086 [< 1 ms]
D | RunUnitTests         |   Skipped XmlValidSa092 [< 1 ms]
D | RunUnitTests         |   Skipped XmlValidSa093 [< 1 ms]
D | RunUnitTests         |   Skipped XmlValidSa098 [< 1 ms]
D | RunUnitTests         |   Skipped XmlValidSa100 [< 1 ms]
D | RunUnitTests         |   Skipped XmlValidSa104 [< 1 ms]
D | RunUnitTests         |   Skipped XmlValidSa108 [< 1 ms]
D | RunUnitTests         |   Skipped XmlValidSa109 [< 1 ms]
D | RunUnitTests         |   Skipped XmlValidSa114 [< 1 ms]
D | RunUnitTests         |   Skipped XmlValidSa116 [< 1 ms]
D | RunUnitTests         |   Skipped XmlValidSa119 [< 1 ms]
D | RunUnitTests         |   Skipped XmlValidVLang01 [< 1 ms]
D | RunUnitTests         |   Skipped XmlValidVLang02 [< 1 ms]
D | RunUnitTests         |   Skipped XmlValidVLang03 [< 1 ms]
D | RunUnitTests         |   Skipped XmlValidVLang04 [< 1 ms]
D | RunUnitTests         |   Skipped XmlValidVLang05 [< 1 ms]
D | RunUnitTests         |   Skipped XmlValidVLang06 [< 1 ms]
D | RunUnitTests         |   Skipped XmlIbmValidP09Ibm09v03 [< 1 ms]
D | RunUnitTests         |   Skipped XmlIbmValidP09Ibm09v05 [< 1 ms]
D | RunUnitTests         |   Skipped XmlIbmValidP11Ibm11v03 [< 1 ms]
D | RunUnitTests         |   Skipped XmlIbmValidP11Ibm11v04 [< 1 ms]
D | RunUnitTests         |   Skipped XmlIbmValidP12Ibm12v01 [< 1 ms]
D | RunUnitTests         |   Skipped XmlIbmValidP12Ibm12v02 [< 1 ms]
D | RunUnitTests         |   Skipped XmlIbmValidP12Ibm12v03 [< 1 ms]
D | RunUnitTests         |   Skipped XmlIbmValidP12Ibm12v04 [< 1 ms]
D | RunUnitTests         |   Skipped XmlIbmValidP13Ibm13v01 [< 1 ms]
D | RunUnitTests         |   Skipped XmlIbmValidP28Ibm28v02 [< 1 ms]
D | RunUnitTests         |   Skipped XmlIbmValidP30Ibm30v02 [< 1 ms]
D | RunUnitTests         |   Skipped XmlValidNotSa023 [< 1 ms]
D | RunUnitTests         |   Skipped XmlValidNotSa024 [< 1 ms]
D | RunUnitTests         |   Skipped XmlValidNotSa031 [< 1 ms]
D | RunUnitTests         |   Skipped XmlValidOP09pass1 [< 1 ms]
D | RunUnitTests         |   Skipped XmlValidOP28pass4 [< 1 ms]
D | RunUnitTests         |   Skipped XmlValidOP28pass5 [< 1 ms]
D | RunUnitTests         |   Skipped XmlValidOP30pass1 [< 1 ms]
D | RunUnitTests         |   Skipped XmlValidOP30pass2 [< 1 ms]
D | RunUnitTests         |   Skipped XmlValidOP31pass1 [< 1 ms]
D | RunUnitTests         |   Skipped XmlValidOP31pass2 [< 1 ms]
D | RunUnitTests         | 
D | RunUnitTests         | Passed!  - Failed:     0, Passed:    54, Skipped:   423, Total:   477, Duration: 355 ms - AngleSharp.Xml.Tests.dll (net6.0)
V | RunUnitTests         | Telemetry.OnTargetSucceeded (0)
V | RunUnitTests         | EventInvoker.OnTargetSucceeded (-3.4028235E+38)
